6.9163 	INFO 	Loaded monitor calibration from ['2020_12_14 11:08']
7.9601 	EXP 	Created window1 = Window(allowGUI=False, allowStencil=False, args=UNKNOWN, autoLog=True, bitsMode=UNKNOWN, blendMode='avg', bpc=(8, 8, 8), color=array([128., 128., 128.]), colorSpace='rgb255', depthBits=8, fullscr=<method-wrapper '__getattribute__' of attributeSetter object at 0x000000000D76ABE0>, gamma=None, gammaErrorPolicy='raise', kwargs=UNKNOWN, lms=UNKNOWN, monitor=<psychopy.monitors.calibTools.Monitor object at 0x000000000E0E3550>, multiSample=False, name='window1', numSamples=2, pos=[0.0, 0.0], screen=0, size=array([1920, 1080]), stencilBits=0, stereo=False, units='deg', useFBO=False, useRetina=False, viewOri=0.0, viewPos=None, viewScale=None, waitBlanking=True, winType='pyglet')
7.9603 	EXP 	window1: mouseVisible = True
7.9604 	EXP 	window1: mouseVisible = False
7.9688 	EXP 	Created unnamed GratingStim = GratingStim(__class__=<class 'psychopy.visual.grating.GratingStim'>, autoDraw=False, autoLog=True, blendmode='avg', color=array([1., 1., 1.]), colorSpace='rgb', contrast=1.0, depth=0, interpolate=False, mask='cross', maskParams=None, name='unnamed GratingStim', opacity=1.0, ori=0.0, phase=array([0., 0.]), pos=array([0., 0.]), rgbPedestal=array([0., 0., 0.]), sf=array([0., 0.]), size=array([0.4, 0.4]), tex='sin', texRes=128, units='deg', win=Window(...))
7.9729 	EXP 	Created unnamed GratingStim = GratingStim(__class__=<class 'psychopy.visual.grating.GratingStim'>, autoDraw=False, autoLog=True, blendmode='avg', color=array([1., 1., 1.]), colorSpace='rgb', contrast=1.0, depth=0, interpolate=False, mask='cross', maskParams=None, name='unnamed GratingStim', opacity=1.0, ori=0.0, phase=array([0., 0.]), pos=array([0., 0.]), rgbPedestal=array([0., 0., 0.]), sf=array([0., 0.]), size=array([0.4, 0.4]), tex='sin', texRes=128, units='deg', win=Window(...))
7.9969 	EXP 	Created gabor = GratingStim(__class__=<class 'psychopy.visual.grating.GratingStim'>, autoDraw=False, autoLog=True, blendmode='avg', color=array([1., 1., 1.]), colorSpace='rgb', contrast=1.0, depth=0, interpolate=False, mask='gauss', maskParams=None, name='gabor', opacity=1.0, ori=0.0, phase=array([0., 0.]), pos=array([0., 0.]), rgbPedestal=array([0., 0., 0.]), sf=array([2., 0.]), size=array([2., 2.]), tex='sin', texRes=256, units='deg', win=Window(...))
8.0126 	EXP 	Created gabor = GratingStim(__class__=<class 'psychopy.visual.grating.GratingStim'>, autoDraw=False, autoLog=True, blendmode='avg', color=array([1., 1., 1.]), colorSpace='rgb', contrast=1.0, depth=0, interpolate=False, mask='gauss', maskParams=None, name='gabor', opacity=1.0, ori=0.0, phase=array([0., 0.]), pos=array([0., 0.]), rgbPedestal=array([0., 0., 0.]), sf=array([0., 0.]), size=array([2., 2.]), tex='sin', texRes=256, units='deg', win=Window(...))
8.0169 	EXP 	Created unnamed NoiseStim = NoiseStim(__class__=<class 'psychopy.visual.noise.NoiseStim'>, autoDraw=False, autoLog=True, blendmode='avg', color=array([1., 1., 1.]), colorSpace='rgb', contrast=0.25, depth=0, interpolate=False, mask='none', maskParams=None, name='unnamed NoiseStim', opacity=0.32, ori=0.0, phase=array([0., 0.]), pos=array([0., 0.]), rgbPedestal=array([0., 0., 0.]), sf=array([1., 1.]), size=array([1.8, 1.8]), tex='sin', texRes=128, units='deg', win=Window(...))
8.0211 	ERROR 	Requiring a square power of two (e.g. 16 x 16, 256 x 256) texture but didn't receive one
8.1346 	EXP 	Created unnamed TextStim = TextStim(__class__=<class 'psychopy.visual.text.TextStim'>, alignHoriz=method-wrapper(...), alignText='center', alignVert=method-wrapper(...), anchorHoriz='center', anchorVert='center', antialias=True, autoLog=True, bold=False, color='black', colorSpace='named', contrast=1.0, depth=0, flipHoriz=False, flipVert=False, font='Consolas', fontFiles=[], height=0.4, italic=False, languageStyle='LTR', name='unnamed TextStim', opacity=1.0, ori=0, pos=array([0., 0.]), rgb=array([0., 0., 0.]), text='Trop lent!', units='deg', win=Window(...), wrapWidth=15.0)
8.4364 	DATA 	Keypress: escape
8.6665 	EXP 	Created unnamed TextStim = TextStim(__class__=<class 'psychopy.visual.text.TextStim'>, alignHoriz=method-wrapper(...), alignText='center', alignVert=method-wrapper(...), anchorHoriz='center', anchorVert='center', antialias=True, autoLog=True, bold=False, color=array([1., 1., 1.]), colorSpace='rgb', contrast=1.0, depth=0, flipHoriz=False, flipVert=False, font='Consolas', fontFiles=[], height=0.4, italic=False, languageStyle='LTR', name='unnamed TextStim', opacity=1.0, ori=0, pos=array([0., 0.]), rgb=array([1., 1., 1.]), text='Hello World', units='deg', win=Window(...), wrapWidth=35)
8.7081 	EXP 	unnamed GratingStim: color = 'green'
8.7081 	EXP 	unnamed NoiseStim: blendmode = 'avg'
8.7081 	EXP 	unnamed NoiseStim: mask = 'circle'
8.7081 	EXP 	unnamed NoiseStim: texRes = 128
8.7081 	EXP 	unnamed NoiseStim: noiseType = 'Uniform'
8.7081 	EXP 	unnamed NoiseStim: noiseImage = None
8.7081 	EXP 	unnamed NoiseStim: noiseElementSize = 0.01
8.7081 	EXP 	unnamed NoiseStim: noiseBaseSf = 1.0
8.7081 	EXP 	unnamed NoiseStim: noiseBW = 1.0
8.7081 	EXP 	unnamed NoiseStim: noiseBWO = 30.0
8.7081 	EXP 	unnamed NoiseStim: noiseFractalPower = 0.0
8.7081 	EXP 	unnamed NoiseStim: noiseFilterUpper = 50.0
8.7081 	EXP 	unnamed NoiseStim: noiseFilterLower = 0.0
8.7081 	EXP 	unnamed NoiseStim: noiseFilterOrder = 0.0
8.7081 	EXP 	unnamed NoiseStim: noiseClip = 1.0
8.7081 	EXP 	unnamed NoiseStim: filter = None
8.7081 	EXP 	unnamed NoiseStim: tex = <class 'numpy.ndarray'>
8.7081 	EXP 	unnamed TextStim: color = 'white'
8.7081 	EXP 	unnamed TextStim: text = "Bienvenue ! \n\nPlacez l'index de vos deux mains sur les touches de gauche et de droite \n\nEt vos deux pieds sur les deux pédales \n\n\n"
8.7135 	EXP 	Created unnamed TextStim = TextStim(__class__=<class 'psychopy.visual.text.TextStim'>, alignHoriz=method-wrapper(...), alignText='center', alignVert=method-wrapper(...), anchorHoriz='center', anchorVert='center', antialias=True, autoLog=True, bold=False, color=array([1., 1., 1.]), colorSpace='rgb', contrast=1.0, depth=0, flipHoriz=False, flipVert=False, font='Consolas', fontFiles=[], height=0.4, italic=False, languageStyle='LTR', name='unnamed TextStim', opacity=1.0, ori=0, pos=array([0., 0.]), rgb=array([1., 1., 1.]), text='Hello World', units='deg', win=Window(...), wrapWidth=35)
8.7414 	EXP 	unnamed TextStim: color = 'white'
8.7414 	EXP 	unnamed TextStim: text = "Bienvenue ! \n\nPlacez l'index de vos deux mains sur les touches de gauche et de droite \n\nEt vos deux pieds sur les deux pédales \n\n\n"
8.7459 	EXP 	Created unnamed TextStim = TextStim(__class__=<class 'psychopy.visual.text.TextStim'>, alignHoriz=method-wrapper(...), alignText='center', alignVert=method-wrapper(...), anchorHoriz='center', anchorVert='center', antialias=True, autoLog=True, bold=False, color=array([1., 1., 1.]), colorSpace='rgb', contrast=1.0, depth=0, flipHoriz=False, flipVert=False, font='Consolas', fontFiles=[], height=0.4, italic=False, languageStyle='LTR', name='unnamed TextStim', opacity=1.0, ori=0, pos=array([0., 0.]), rgb=array([1., 1., 1.]), text='Hello World', units='deg', win=Window(...), wrapWidth=35)
8.7570 	DATA 	Keypress: escape
8.7586 	EXP 	unnamed TextStim: color = 'white'
8.7586 	EXP 	unnamed TextStim: text = "Bienvenue ! \n\nPlacez l'index de vos deux mains sur les touches de gauche et de droite \n\nEt vos deux pieds sur les deux pédales \n\n\n"
8.7629 	EXP 	Created unnamed TextStim = TextStim(__class__=<class 'psychopy.visual.text.TextStim'>, alignHoriz=method-wrapper(...), alignText='center', alignVert=method-wrapper(...), anchorHoriz='center', anchorVert='center', antialias=True, autoLog=True, bold=False, color=array([1., 1., 1.]), colorSpace='rgb', contrast=1.0, depth=0, flipHoriz=False, flipVert=False, font='Consolas', fontFiles=[], height=0.4, italic=False, languageStyle='LTR', name='unnamed TextStim', opacity=1.0, ori=0, pos=array([0., 0.]), rgb=array([1., 1., 1.]), text='Hello World', units='deg', win=Window(...), wrapWidth=35)
8.7915 	EXP 	unnamed TextStim: color = 'white'
8.7915 	EXP 	unnamed TextStim: text = "Bienvenue ! \n\nPlacez l'index de vos deux mains sur les touches de gauche et de droite \n\nEt vos deux pieds sur les deux pédales \n\n\n"
8.7959 	EXP 	Created unnamed TextStim = TextStim(__class__=<class 'psychopy.visual.text.TextStim'>, alignHoriz=method-wrapper(...), alignText='center', alignVert=method-wrapper(...), anchorHoriz='center', anchorVert='center', antialias=True, autoLog=True, bold=False, color=array([1., 1., 1.]), colorSpace='rgb', contrast=1.0, depth=0, flipHoriz=False, flipVert=False, font='Consolas', fontFiles=[], height=0.4, italic=False, languageStyle='LTR', name='unnamed TextStim', opacity=1.0, ori=0, pos=array([0., 0.]), rgb=array([1., 1., 1.]), text='Hello World', units='deg', win=Window(...), wrapWidth=35)
8.8085 	EXP 	unnamed TextStim: color = 'white'
8.8085 	EXP 	unnamed TextStim: text = "Bienvenue ! \n\nPlacez l'index de vos deux mains sur les touches de gauche et de droite \n\nEt vos deux pieds sur les deux pédales \n\n\n"
8.8130 	EXP 	Created unnamed TextStim = TextStim(__class__=<class 'psychopy.visual.text.TextStim'>, alignHoriz=method-wrapper(...), alignText='center', alignVert=method-wrapper(...), anchorHoriz='center', anchorVert='center', antialias=True, autoLog=True, bold=False, color=array([1., 1., 1.]), colorSpace='rgb', contrast=1.0, depth=0, flipHoriz=False, flipVert=False, font='Consolas', fontFiles=[], height=0.4, italic=False, languageStyle='LTR', name='unnamed TextStim', opacity=1.0, ori=0, pos=array([0., 0.]), rgb=array([1., 1., 1.]), text='Hello World', units='deg', win=Window(...), wrapWidth=35)
8.8413 	EXP 	unnamed TextStim: color = 'white'
8.8413 	EXP 	unnamed TextStim: text = "Bienvenue ! \n\nPlacez l'index de vos deux mains sur les touches de gauche et de droite \n\nEt vos deux pieds sur les deux pédales \n\n\n"
8.8459 	EXP 	Created unnamed TextStim = TextStim(__class__=<class 'psychopy.visual.text.TextStim'>, alignHoriz=method-wrapper(...), alignText='center', alignVert=method-wrapper(...), anchorHoriz='center', anchorVert='center', antialias=True, autoLog=True, bold=False, color=array([1., 1., 1.]), colorSpace='rgb', contrast=1.0, depth=0, flipHoriz=False, flipVert=False, font='Consolas', fontFiles=[], height=0.4, italic=False, languageStyle='LTR', name='unnamed TextStim', opacity=1.0, ori=0, pos=array([0., 0.]), rgb=array([1., 1., 1.]), text='Hello World', units='deg', win=Window(...), wrapWidth=35)
8.8747 	EXP 	unnamed TextStim: color = 'white'
8.8747 	EXP 	unnamed TextStim: text = "Bienvenue ! \n\nPlacez l'index de vos deux mains sur les touches de gauche et de droite \n\nEt vos deux pieds sur les deux pédales \n\n\n"
8.8883 	EXP 	window1: mouseVisible = True
