6.9300 	INFO 	Loaded monitor calibration from ['2020_12_14 11:08']
8.0148 	EXP 	Created window1 = Window(allowGUI=False, allowStencil=False, args=UNKNOWN, autoLog=True, bitsMode=UNKNOWN, blendMode='avg', bpc=(8, 8, 8), color=array([128., 128., 128.]), colorSpace='rgb255', depthBits=8, fullscr=<method-wrapper '__getattribute__' of attributeSetter object at 0x000000000D309780>, gamma=None, gammaErrorPolicy='raise', kwargs=UNKNOWN, lms=UNKNOWN, monitor=<psychopy.monitors.calibTools.Monitor object at 0x000000000DD49940>, multiSample=False, name='window1', numSamples=2, pos=[0.0, 0.0], screen=0, size=array([1920, 1080]), stencilBits=0, stereo=False, units='deg', useFBO=False, useRetina=False, viewOri=0.0, viewPos=None, viewScale=None, waitBlanking=True, winType='pyglet')
8.0149 	EXP 	window1: mouseVisible = True
8.0150 	EXP 	window1: mouseVisible = False
8.0234 	EXP 	Created unnamed GratingStim = GratingStim(__class__=<class 'psychopy.visual.grating.GratingStim'>, autoDraw=False, autoLog=True, blendmode='avg', color=array([1., 1., 1.]), colorSpace='rgb', contrast=1.0, depth=0, interpolate=False, mask='cross', maskParams=None, name='unnamed GratingStim', opacity=1.0, ori=0.0, phase=array([0., 0.]), pos=array([0., 0.]), rgbPedestal=array([0., 0., 0.]), sf=array([0., 0.]), size=array([0.4, 0.4]), tex='sin', texRes=128, units='deg', win=Window(...))
8.0302 	EXP 	Created unnamed GratingStim = GratingStim(__class__=<class 'psychopy.visual.grating.GratingStim'>, autoDraw=False, autoLog=True, blendmode='avg', color=array([1., 1., 1.]), colorSpace='rgb', contrast=1.0, depth=0, interpolate=False, mask='cross', maskParams=None, name='unnamed GratingStim', opacity=1.0, ori=0.0, phase=array([0., 0.]), pos=array([0., 0.]), rgbPedestal=array([0., 0., 0.]), sf=array([0., 0.]), size=array([0.4, 0.4]), tex='sin', texRes=128, units='deg', win=Window(...))
8.0553 	EXP 	Created gabor = GratingStim(__class__=<class 'psychopy.visual.grating.GratingStim'>, autoDraw=False, autoLog=True, blendmode='avg', color=array([1., 1., 1.]), colorSpace='rgb', contrast=1.0, depth=0, interpolate=False, mask='gauss', maskParams=None, name='gabor', opacity=1.0, ori=0.0, phase=array([0., 0.]), pos=array([0., 0.]), rgbPedestal=array([0., 0., 0.]), sf=array([2., 0.]), size=array([2., 2.]), tex='sin', texRes=256, units='deg', win=Window(...))
8.0598 	EXP 	Created unnamed NoiseStim = NoiseStim(__class__=<class 'psychopy.visual.noise.NoiseStim'>, autoDraw=False, autoLog=True, blendmode='avg', color=array([1., 1., 1.]), colorSpace='rgb', contrast=0.25, depth=0, interpolate=False, mask='none', maskParams=None, name='unnamed NoiseStim', opacity=0.32, ori=0.0, phase=array([0., 0.]), pos=array([0., 0.]), rgbPedestal=array([0., 0., 0.]), sf=array([1., 1.]), size=array([1.8, 1.8]), tex='sin', texRes=128, units='deg', win=Window(...))
8.0641 	ERROR 	Requiring a square power of two (e.g. 16 x 16, 256 x 256) texture but didn't receive one
8.1721 	EXP 	Created unnamed TextStim = TextStim(__class__=<class 'psychopy.visual.text.TextStim'>, alignHoriz=method-wrapper(...), alignText='center', alignVert=method-wrapper(...), anchorHoriz='center', anchorVert='center', antialias=True, autoLog=True, bold=False, color='black', colorSpace='named', contrast=1.0, depth=0, flipHoriz=False, flipVert=False, font='Consolas', fontFiles=[], height=0.4, italic=False, languageStyle='LTR', name='unnamed TextStim', opacity=1.0, ori=0, pos=array([0., 0.]), rgb=array([0., 0., 0.]), text='Trop lent!', units='deg', win=Window(...), wrapWidth=15.0)
8.1770 	EXP 	Created unnamed TextStim = TextStim(__class__=<class 'psychopy.visual.text.TextStim'>, alignHoriz=method-wrapper(...), alignText='center', alignVert=method-wrapper(...), anchorHoriz='center', anchorVert='center', antialias=True, autoLog=True, bold=False, color='green', colorSpace='named', contrast=1.0, depth=0, flipHoriz=False, flipVert=False, font='Consolas', fontFiles=[], height=0.4, italic=False, languageStyle='LTR', name='unnamed TextStim', opacity=1.0, ori=0, pos=array([0., 0.]), rgb=array([  0., 128.,   0.]), text='Correct', units='deg', win=Window(...), wrapWidth=15.0)
8.1810 	EXP 	Created unnamed TextStim = TextStim(__class__=<class 'psychopy.visual.text.TextStim'>, alignHoriz=method-wrapper(...), alignText='center', alignVert=method-wrapper(...), anchorHoriz='center', anchorVert='center', antialias=True, autoLog=True, bold=False, color='red', colorSpace='named', contrast=1.0, depth=0, flipHoriz=False, flipVert=False, font='Consolas', fontFiles=[], height=0.4, italic=False, languageStyle='LTR', name='unnamed TextStim', opacity=1.0, ori=0, pos=array([0., 0.]), rgb=array([255.,   0.,   0.]), text='Incorrect', units='deg', win=Window(...), wrapWidth=15.0)
8.5013 	DEBUG 	Using AG_staircase_training.py as origin file
8.5025 	DEBUG 	Using AG_staircase_training.py as origin file
9.1323 	EXP 	Created unnamed TextStim = TextStim(__class__=<class 'psychopy.visual.text.TextStim'>, alignHoriz=method-wrapper(...), alignText='center', alignVert=method-wrapper(...), anchorHoriz='center', anchorVert='center', antialias=True, autoLog=True, bold=False, color=array([1., 1., 1.]), colorSpace='rgb', contrast=1.0, depth=0, flipHoriz=False, flipVert=False, font='Consolas', fontFiles=[], height=0.4, italic=False, languageStyle='LTR', name='unnamed TextStim', opacity=1.0, ori=0, pos=array([0., 0.]), rgb=array([1., 1., 1.]), text='Hello World', units='deg', win=Window(...), wrapWidth=35)
9.1624 	EXP 	unnamed GratingStim: color = 'green'
9.1624 	EXP 	unnamed NoiseStim: blendmode = 'avg'
9.1624 	EXP 	unnamed NoiseStim: mask = 'circle'
9.1624 	EXP 	unnamed NoiseStim: texRes = 128
9.1624 	EXP 	unnamed NoiseStim: noiseType = 'Uniform'
9.1624 	EXP 	unnamed NoiseStim: noiseImage = None
9.1624 	EXP 	unnamed NoiseStim: noiseElementSize = 0.01
9.1624 	EXP 	unnamed NoiseStim: noiseBaseSf = 1.0
9.1624 	EXP 	unnamed NoiseStim: noiseBW = 1.0
9.1624 	EXP 	unnamed NoiseStim: noiseBWO = 30.0
9.1624 	EXP 	unnamed NoiseStim: noiseFractalPower = 0.0
9.1624 	EXP 	unnamed NoiseStim: noiseFilterUpper = 50.0
9.1624 	EXP 	unnamed NoiseStim: noiseFilterLower = 0.0
9.1624 	EXP 	unnamed NoiseStim: noiseFilterOrder = 0.0
9.1624 	EXP 	unnamed NoiseStim: noiseClip = 1.0
9.1624 	EXP 	unnamed NoiseStim: filter = None
9.1624 	EXP 	unnamed NoiseStim: tex = <class 'numpy.ndarray'>
9.1624 	EXP 	unnamed TextStim: color = 'white'
9.1624 	EXP 	unnamed TextStim: text = "Bienvenue ! \n\nPlacez l'index de vos deux mains sur les touches \n\nportant une gommette de couleur \n\n\n"
9.1683 	EXP 	Created unnamed TextStim = TextStim(__class__=<class 'psychopy.visual.text.TextStim'>, alignHoriz=method-wrapper(...), alignText='center', alignVert=method-wrapper(...), anchorHoriz='center', anchorVert='center', antialias=True, autoLog=True, bold=False, color=array([1., 1., 1.]), colorSpace='rgb', contrast=1.0, depth=0, flipHoriz=False, flipVert=False, font='Consolas', fontFiles=[], height=0.4, italic=False, languageStyle='LTR', name='unnamed TextStim', opacity=1.0, ori=0, pos=array([0., 0.]), rgb=array([1., 1., 1.]), text='Hello World', units='deg', win=Window(...), wrapWidth=35)
9.1958 	EXP 	unnamed TextStim: color = 'white'
9.1958 	EXP 	unnamed TextStim: text = "Bienvenue ! \n\nPlacez l'index de vos deux mains sur les touches \n\nportant une gommette de couleur \n\n\n"
9.2011 	EXP 	Created unnamed TextStim = TextStim(__class__=<class 'psychopy.visual.text.TextStim'>, alignHoriz=method-wrapper(...), alignText='center', alignVert=method-wrapper(...), anchorHoriz='center', anchorVert='center', antialias=True, autoLog=True, bold=False, color=array([1., 1., 1.]), colorSpace='rgb', contrast=1.0, depth=0, flipHoriz=False, flipVert=False, font='Consolas', fontFiles=[], height=0.4, italic=False, languageStyle='LTR', name='unnamed TextStim', opacity=1.0, ori=0, pos=array([0., 0.]), rgb=array([1., 1., 1.]), text='Hello World', units='deg', win=Window(...), wrapWidth=35)
9.2294 	EXP 	unnamed TextStim: color = 'white'
9.2294 	EXP 	unnamed TextStim: text = "Bienvenue ! \n\nPlacez l'index de vos deux mains sur les touches \n\nportant une gommette de couleur \n\n\n"
9.2350 	EXP 	Created unnamed TextStim = TextStim(__class__=<class 'psychopy.visual.text.TextStim'>, alignHoriz=method-wrapper(...), alignText='center', alignVert=method-wrapper(...), anchorHoriz='center', anchorVert='center', antialias=True, autoLog=True, bold=False, color=array([1., 1., 1.]), colorSpace='rgb', contrast=1.0, depth=0, flipHoriz=False, flipVert=False, font='Consolas', fontFiles=[], height=0.4, italic=False, languageStyle='LTR', name='unnamed TextStim', opacity=1.0, ori=0, pos=array([0., 0.]), rgb=array([1., 1., 1.]), text='Hello World', units='deg', win=Window(...), wrapWidth=35)
9.2623 	EXP 	unnamed TextStim: color = 'white'
9.2623 	EXP 	unnamed TextStim: text = "Bienvenue ! \n\nPlacez l'index de vos deux mains sur les touches \n\nportant une gommette de couleur \n\n\n"
9.2680 	EXP 	Created unnamed TextStim = TextStim(__class__=<class 'psychopy.visual.text.TextStim'>, alignHoriz=method-wrapper(...), alignText='center', alignVert=method-wrapper(...), anchorHoriz='center', anchorVert='center', antialias=True, autoLog=True, bold=False, color=array([1., 1., 1.]), colorSpace='rgb', contrast=1.0, depth=0, flipHoriz=False, flipVert=False, font='Consolas', fontFiles=[], height=0.4, italic=False, languageStyle='LTR', name='unnamed TextStim', opacity=1.0, ori=0, pos=array([0., 0.]), rgb=array([1., 1., 1.]), text='Hello World', units='deg', win=Window(...), wrapWidth=35)
9.2792 	EXP 	unnamed TextStim: color = 'white'
9.2792 	EXP 	unnamed TextStim: text = "Bienvenue ! \n\nPlacez l'index de vos deux mains sur les touches \n\nportant une gommette de couleur \n\n\n"
9.2850 	EXP 	Created unnamed TextStim = TextStim(__class__=<class 'psychopy.visual.text.TextStim'>, alignHoriz=method-wrapper(...), alignText='center', alignVert=method-wrapper(...), anchorHoriz='center', anchorVert='center', antialias=True, autoLog=True, bold=False, color=array([1., 1., 1.]), colorSpace='rgb', contrast=1.0, depth=0, flipHoriz=False, flipVert=False, font='Consolas', fontFiles=[], height=0.4, italic=False, languageStyle='LTR', name='unnamed TextStim', opacity=1.0, ori=0, pos=array([0., 0.]), rgb=array([1., 1., 1.]), text='Hello World', units='deg', win=Window(...), wrapWidth=35)
9.2962 	EXP 	unnamed TextStim: color = 'white'
9.2962 	EXP 	unnamed TextStim: text = "Bienvenue ! \n\nPlacez l'index de vos deux mains sur les touches \n\nportant une gommette de couleur \n\n\n"
9.3021 	EXP 	Created unnamed TextStim = TextStim(__class__=<class 'psychopy.visual.text.TextStim'>, alignHoriz=method-wrapper(...), alignText='center', alignVert=method-wrapper(...), anchorHoriz='center', anchorVert='center', antialias=True, autoLog=True, bold=False, color=array([1., 1., 1.]), colorSpace='rgb', contrast=1.0, depth=0, flipHoriz=False, flipVert=False, font='Consolas', fontFiles=[], height=0.4, italic=False, languageStyle='LTR', name='unnamed TextStim', opacity=1.0, ori=0, pos=array([0., 0.]), rgb=array([1., 1., 1.]), text='Hello World', units='deg', win=Window(...), wrapWidth=35)
9.3291 	EXP 	unnamed TextStim: color = 'white'
9.3291 	EXP 	unnamed TextStim: text = "Bienvenue ! \n\nPlacez l'index de vos deux mains sur les touches \n\nportant une gommette de couleur \n\n\n"
9.3350 	EXP 	Created unnamed TextStim = TextStim(__class__=<class 'psychopy.visual.text.TextStim'>, alignHoriz=method-wrapper(...), alignText='center', alignVert=method-wrapper(...), anchorHoriz='center', anchorVert='center', antialias=True, autoLog=True, bold=False, color=array([1., 1., 1.]), colorSpace='rgb', contrast=1.0, depth=0, flipHoriz=False, flipVert=False, font='Consolas', fontFiles=[], height=0.4, italic=False, languageStyle='LTR', name='unnamed TextStim', opacity=1.0, ori=0, pos=array([0., 0.]), rgb=array([1., 1., 1.]), text='Hello World', units='deg', win=Window(...), wrapWidth=35)
9.3624 	EXP 	unnamed TextStim: color = 'white'
9.3624 	EXP 	unnamed TextStim: text = "Bienvenue ! \n\nPlacez l'index de vos deux mains sur les touches \n\nportant une gommette de couleur \n\n\n"
9.3681 	EXP 	Created unnamed TextStim = TextStim(__class__=<class 'psychopy.visual.text.TextStim'>, alignHoriz=method-wrapper(...), alignText='center', alignVert=method-wrapper(...), anchorHoriz='center', anchorVert='center', antialias=True, autoLog=True, bold=False, color=array([1., 1., 1.]), colorSpace='rgb', contrast=1.0, depth=0, flipHoriz=False, flipVert=False, font='Consolas', fontFiles=[], height=0.4, italic=False, languageStyle='LTR', name='unnamed TextStim', opacity=1.0, ori=0, pos=array([0., 0.]), rgb=array([1., 1., 1.]), text='Hello World', units='deg', win=Window(...), wrapWidth=35)
9.3793 	EXP 	unnamed TextStim: color = 'white'
9.3793 	EXP 	unnamed TextStim: text = "Bienvenue ! \n\nPlacez l'index de vos deux mains sur les touches \n\nportant une gommette de couleur \n\n\n"
9.3850 	EXP 	Created unnamed TextStim = TextStim(__class__=<class 'psychopy.visual.text.TextStim'>, alignHoriz=method-wrapper(...), alignText='center', alignVert=method-wrapper(...), anchorHoriz='center', anchorVert='center', antialias=True, autoLog=True, bold=False, color=array([1., 1., 1.]), colorSpace='rgb', contrast=1.0, depth=0, flipHoriz=False, flipVert=False, font='Consolas', fontFiles=[], height=0.4, italic=False, languageStyle='LTR', name='unnamed TextStim', opacity=1.0, ori=0, pos=array([0., 0.]), rgb=array([1., 1., 1.]), text='Hello World', units='deg', win=Window(...), wrapWidth=35)
9.3963 	EXP 	unnamed TextStim: color = 'white'
9.3963 	EXP 	unnamed TextStim: text = "Bienvenue ! \n\nPlacez l'index de vos deux mains sur les touches \n\nportant une gommette de couleur \n\n\n"
9.4020 	EXP 	Created unnamed TextStim = TextStim(__class__=<class 'psychopy.visual.text.TextStim'>, alignHoriz=method-wrapper(...), alignText='center', alignVert=method-wrapper(...), anchorHoriz='center', anchorVert='center', antialias=True, autoLog=True, bold=False, color=array([1., 1., 1.]), colorSpace='rgb', contrast=1.0, depth=0, flipHoriz=False, flipVert=False, font='Consolas', fontFiles=[], height=0.4, italic=False, languageStyle='LTR', name='unnamed TextStim', opacity=1.0, ori=0, pos=array([0., 0.]), rgb=array([1., 1., 1.]), text='Hello World', units='deg', win=Window(...), wrapWidth=35)
9.4290 	EXP 	unnamed TextStim: color = 'white'
9.4290 	EXP 	unnamed TextStim: text = "Bienvenue ! \n\nPlacez l'index de vos deux mains sur les touches \n\nportant une gommette de couleur \n\n\n"
9.4350 	EXP 	Created unnamed TextStim = TextStim(__class__=<class 'psychopy.visual.text.TextStim'>, alignHoriz=method-wrapper(...), alignText='center', alignVert=method-wrapper(...), anchorHoriz='center', anchorVert='center', antialias=True, autoLog=True, bold=False, color=array([1., 1., 1.]), colorSpace='rgb', contrast=1.0, depth=0, flipHoriz=False, flipVert=False, font='Consolas', fontFiles=[], height=0.4, italic=False, languageStyle='LTR', name='unnamed TextStim', opacity=1.0, ori=0, pos=array([0., 0.]), rgb=array([1., 1., 1.]), text='Hello World', units='deg', win=Window(...), wrapWidth=35)
9.4624 	EXP 	unnamed TextStim: color = 'white'
9.4624 	EXP 	unnamed TextStim: text = "Bienvenue ! \n\nPlacez l'index de vos deux mains sur les touches \n\nportant une gommette de couleur \n\n\n"
9.4681 	EXP 	Created unnamed TextStim = TextStim(__class__=<class 'psychopy.visual.text.TextStim'>, alignHoriz=method-wrapper(...), alignText='center', alignVert=method-wrapper(...), anchorHoriz='center', anchorVert='center', antialias=True, autoLog=True, bold=False, color=array([1., 1., 1.]), colorSpace='rgb', contrast=1.0, depth=0, flipHoriz=False, flipVert=False, font='Consolas', fontFiles=[], height=0.4, italic=False, languageStyle='LTR', name='unnamed TextStim', opacity=1.0, ori=0, pos=array([0., 0.]), rgb=array([1., 1., 1.]), text='Hello World', units='deg', win=Window(...), wrapWidth=35)
9.4794 	EXP 	unnamed TextStim: color = 'white'
9.4794 	EXP 	unnamed TextStim: text = "Bienvenue ! \n\nPlacez l'index de vos deux mains sur les touches \n\nportant une gommette de couleur \n\n\n"
9.4851 	EXP 	Created unnamed TextStim = TextStim(__class__=<class 'psychopy.visual.text.TextStim'>, alignHoriz=method-wrapper(...), alignText='center', alignVert=method-wrapper(...), anchorHoriz='center', anchorVert='center', antialias=True, autoLog=True, bold=False, color=array([1., 1., 1.]), colorSpace='rgb', contrast=1.0, depth=0, flipHoriz=False, flipVert=False, font='Consolas', fontFiles=[], height=0.4, italic=False, languageStyle='LTR', name='unnamed TextStim', opacity=1.0, ori=0, pos=array([0., 0.]), rgb=array([1., 1., 1.]), text='Hello World', units='deg', win=Window(...), wrapWidth=35)
9.5123 	EXP 	unnamed TextStim: color = 'white'
9.5123 	EXP 	unnamed TextStim: text = "Bienvenue ! \n\nPlacez l'index de vos deux mains sur les touches \n\nportant une gommette de couleur \n\n\n"
9.5180 	EXP 	Created unnamed TextStim = TextStim(__class__=<class 'psychopy.visual.text.TextStim'>, alignHoriz=method-wrapper(...), alignText='center', alignVert=method-wrapper(...), anchorHoriz='center', anchorVert='center', antialias=True, autoLog=True, bold=False, color=array([1., 1., 1.]), colorSpace='rgb', contrast=1.0, depth=0, flipHoriz=False, flipVert=False, font='Consolas', fontFiles=[], height=0.4, italic=False, languageStyle='LTR', name='unnamed TextStim', opacity=1.0, ori=0, pos=array([0., 0.]), rgb=array([1., 1., 1.]), text='Hello World', units='deg', win=Window(...), wrapWidth=35)
9.5296 	EXP 	unnamed TextStim: color = 'white'
9.5296 	EXP 	unnamed TextStim: text = "Bienvenue ! \n\nPlacez l'index de vos deux mains sur les touches \n\nportant une gommette de couleur \n\n\n"
9.5351 	EXP 	Created unnamed TextStim = TextStim(__class__=<class 'psychopy.visual.text.TextStim'>, alignHoriz=method-wrapper(...), alignText='center', alignVert=method-wrapper(...), anchorHoriz='center', anchorVert='center', antialias=True, autoLog=True, bold=False, color=array([1., 1., 1.]), colorSpace='rgb', contrast=1.0, depth=0, flipHoriz=False, flipVert=False, font='Consolas', fontFiles=[], height=0.4, italic=False, languageStyle='LTR', name='unnamed TextStim', opacity=1.0, ori=0, pos=array([0., 0.]), rgb=array([1., 1., 1.]), text='Hello World', units='deg', win=Window(...), wrapWidth=35)
9.5623 	EXP 	unnamed TextStim: color = 'white'
9.5623 	EXP 	unnamed TextStim: text = "Bienvenue ! \n\nPlacez l'index de vos deux mains sur les touches \n\nportant une gommette de couleur \n\n\n"
9.5682 	EXP 	Created unnamed TextStim = TextStim(__class__=<class 'psychopy.visual.text.TextStim'>, alignHoriz=method-wrapper(...), alignText='center', alignVert=method-wrapper(...), anchorHoriz='center', anchorVert='center', antialias=True, autoLog=True, bold=False, color=array([1., 1., 1.]), colorSpace='rgb', contrast=1.0, depth=0, flipHoriz=False, flipVert=False, font='Consolas', fontFiles=[], height=0.4, italic=False, languageStyle='LTR', name='unnamed TextStim', opacity=1.0, ori=0, pos=array([0., 0.]), rgb=array([1., 1., 1.]), text='Hello World', units='deg', win=Window(...), wrapWidth=35)
9.5956 	EXP 	unnamed TextStim: color = 'white'
9.5956 	EXP 	unnamed TextStim: text = "Bienvenue ! \n\nPlacez l'index de vos deux mains sur les touches \n\nportant une gommette de couleur \n\n\n"
9.6010 	EXP 	Created unnamed TextStim = TextStim(__class__=<class 'psychopy.visual.text.TextStim'>, alignHoriz=method-wrapper(...), alignText='center', alignVert=method-wrapper(...), anchorHoriz='center', anchorVert='center', antialias=True, autoLog=True, bold=False, color=array([1., 1., 1.]), colorSpace='rgb', contrast=1.0, depth=0, flipHoriz=False, flipVert=False, font='Consolas', fontFiles=[], height=0.4, italic=False, languageStyle='LTR', name='unnamed TextStim', opacity=1.0, ori=0, pos=array([0., 0.]), rgb=array([1., 1., 1.]), text='Hello World', units='deg', win=Window(...), wrapWidth=35)
9.6293 	EXP 	unnamed TextStim: color = 'white'
9.6293 	EXP 	unnamed TextStim: text = "Bienvenue ! \n\nPlacez l'index de vos deux mains sur les touches \n\nportant une gommette de couleur \n\n\n"
9.6351 	EXP 	Created unnamed TextStim = TextStim(__class__=<class 'psychopy.visual.text.TextStim'>, alignHoriz=method-wrapper(...), alignText='center', alignVert=method-wrapper(...), anchorHoriz='center', anchorVert='center', antialias=True, autoLog=True, bold=False, color=array([1., 1., 1.]), colorSpace='rgb', contrast=1.0, depth=0, flipHoriz=False, flipVert=False, font='Consolas', fontFiles=[], height=0.4, italic=False, languageStyle='LTR', name='unnamed TextStim', opacity=1.0, ori=0, pos=array([0., 0.]), rgb=array([1., 1., 1.]), text='Hello World', units='deg', win=Window(...), wrapWidth=35)
9.6462 	EXP 	unnamed TextStim: color = 'white'
9.6462 	EXP 	unnamed TextStim: text = "Bienvenue ! \n\nPlacez l'index de vos deux mains sur les touches \n\nportant une gommette de couleur \n\n\n"
9.6520 	EXP 	Created unnamed TextStim = TextStim(__class__=<class 'psychopy.visual.text.TextStim'>, alignHoriz=method-wrapper(...), alignText='center', alignVert=method-wrapper(...), anchorHoriz='center', anchorVert='center', antialias=True, autoLog=True, bold=False, color=array([1., 1., 1.]), colorSpace='rgb', contrast=1.0, depth=0, flipHoriz=False, flipVert=False, font='Consolas', fontFiles=[], height=0.4, italic=False, languageStyle='LTR', name='unnamed TextStim', opacity=1.0, ori=0, pos=array([0., 0.]), rgb=array([1., 1., 1.]), text='Hello World', units='deg', win=Window(...), wrapWidth=35)
9.6790 	EXP 	unnamed TextStim: color = 'white'
9.6790 	EXP 	unnamed TextStim: text = "Bienvenue ! \n\nPlacez l'index de vos deux mains sur les touches \n\nportant une gommette de couleur \n\n\n"
9.6851 	EXP 	Created unnamed TextStim = TextStim(__class__=<class 'psychopy.visual.text.TextStim'>, alignHoriz=method-wrapper(...), alignText='center', alignVert=method-wrapper(...), anchorHoriz='center', anchorVert='center', antialias=True, autoLog=True, bold=False, color=array([1., 1., 1.]), colorSpace='rgb', contrast=1.0, depth=0, flipHoriz=False, flipVert=False, font='Consolas', fontFiles=[], height=0.4, italic=False, languageStyle='LTR', name='unnamed TextStim', opacity=1.0, ori=0, pos=array([0., 0.]), rgb=array([1., 1., 1.]), text='Hello World', units='deg', win=Window(...), wrapWidth=35)
9.7123 	EXP 	unnamed TextStim: color = 'white'
9.7123 	EXP 	unnamed TextStim: text = "Bienvenue ! \n\nPlacez l'index de vos deux mains sur les touches \n\nportant une gommette de couleur \n\n\n"
9.7181 	EXP 	Created unnamed TextStim = TextStim(__class__=<class 'psychopy.visual.text.TextStim'>, alignHoriz=method-wrapper(...), alignText='center', alignVert=method-wrapper(...), anchorHoriz='center', anchorVert='center', antialias=True, autoLog=True, bold=False, color=array([1., 1., 1.]), colorSpace='rgb', contrast=1.0, depth=0, flipHoriz=False, flipVert=False, font='Consolas', fontFiles=[], height=0.4, italic=False, languageStyle='LTR', name='unnamed TextStim', opacity=1.0, ori=0, pos=array([0., 0.]), rgb=array([1., 1., 1.]), text='Hello World', units='deg', win=Window(...), wrapWidth=35)
9.7293 	EXP 	unnamed TextStim: color = 'white'
9.7293 	EXP 	unnamed TextStim: text = "Bienvenue ! \n\nPlacez l'index de vos deux mains sur les touches \n\nportant une gommette de couleur \n\n\n"
9.7351 	EXP 	Created unnamed TextStim = TextStim(__class__=<class 'psychopy.visual.text.TextStim'>, alignHoriz=method-wrapper(...), alignText='center', alignVert=method-wrapper(...), anchorHoriz='center', anchorVert='center', antialias=True, autoLog=True, bold=False, color=array([1., 1., 1.]), colorSpace='rgb', contrast=1.0, depth=0, flipHoriz=False, flipVert=False, font='Consolas', fontFiles=[], height=0.4, italic=False, languageStyle='LTR', name='unnamed TextStim', opacity=1.0, ori=0, pos=array([0., 0.]), rgb=array([1., 1., 1.]), text='Hello World', units='deg', win=Window(...), wrapWidth=35)
9.7462 	EXP 	unnamed TextStim: color = 'white'
9.7462 	EXP 	unnamed TextStim: text = "Bienvenue ! \n\nPlacez l'index de vos deux mains sur les touches \n\nportant une gommette de couleur \n\n\n"
9.7521 	EXP 	Created unnamed TextStim = TextStim(__class__=<class 'psychopy.visual.text.TextStim'>, alignHoriz=method-wrapper(...), alignText='center', alignVert=method-wrapper(...), anchorHoriz='center', anchorVert='center', antialias=True, autoLog=True, bold=False, color=array([1., 1., 1.]), colorSpace='rgb', contrast=1.0, depth=0, flipHoriz=False, flipVert=False, font='Consolas', fontFiles=[], height=0.4, italic=False, languageStyle='LTR', name='unnamed TextStim', opacity=1.0, ori=0, pos=array([0., 0.]), rgb=array([1., 1., 1.]), text='Hello World', units='deg', win=Window(...), wrapWidth=35)
9.7790 	EXP 	unnamed TextStim: color = 'white'
9.7790 	EXP 	unnamed TextStim: text = "Bienvenue ! \n\nPlacez l'index de vos deux mains sur les touches \n\nportant une gommette de couleur \n\n\n"
9.7852 	EXP 	Created unnamed TextStim = TextStim(__class__=<class 'psychopy.visual.text.TextStim'>, alignHoriz=method-wrapper(...), alignText='center', alignVert=method-wrapper(...), anchorHoriz='center', anchorVert='center', antialias=True, autoLog=True, bold=False, color=array([1., 1., 1.]), colorSpace='rgb', contrast=1.0, depth=0, flipHoriz=False, flipVert=False, font='Consolas', fontFiles=[], height=0.4, italic=False, languageStyle='LTR', name='unnamed TextStim', opacity=1.0, ori=0, pos=array([0., 0.]), rgb=array([1., 1., 1.]), text='Hello World', units='deg', win=Window(...), wrapWidth=35)
9.8124 	EXP 	unnamed TextStim: color = 'white'
9.8124 	EXP 	unnamed TextStim: text = "Bienvenue ! \n\nPlacez l'index de vos deux mains sur les touches \n\nportant une gommette de couleur \n\n\n"
9.8181 	EXP 	Created unnamed TextStim = TextStim(__class__=<class 'psychopy.visual.text.TextStim'>, alignHoriz=method-wrapper(...), alignText='center', alignVert=method-wrapper(...), anchorHoriz='center', anchorVert='center', antialias=True, autoLog=True, bold=False, color=array([1., 1., 1.]), colorSpace='rgb', contrast=1.0, depth=0, flipHoriz=False, flipVert=False, font='Consolas', fontFiles=[], height=0.4, italic=False, languageStyle='LTR', name='unnamed TextStim', opacity=1.0, ori=0, pos=array([0., 0.]), rgb=array([1., 1., 1.]), text='Hello World', units='deg', win=Window(...), wrapWidth=35)
9.8293 	EXP 	unnamed TextStim: color = 'white'
9.8293 	EXP 	unnamed TextStim: text = "Bienvenue ! \n\nPlacez l'index de vos deux mains sur les touches \n\nportant une gommette de couleur \n\n\n"
9.8351 	EXP 	Created unnamed TextStim = TextStim(__class__=<class 'psychopy.visual.text.TextStim'>, alignHoriz=method-wrapper(...), alignText='center', alignVert=method-wrapper(...), anchorHoriz='center', anchorVert='center', antialias=True, autoLog=True, bold=False, color=array([1., 1., 1.]), colorSpace='rgb', contrast=1.0, depth=0, flipHoriz=False, flipVert=False, font='Consolas', fontFiles=[], height=0.4, italic=False, languageStyle='LTR', name='unnamed TextStim', opacity=1.0, ori=0, pos=array([0., 0.]), rgb=array([1., 1., 1.]), text='Hello World', units='deg', win=Window(...), wrapWidth=35)
9.8623 	EXP 	unnamed TextStim: color = 'white'
9.8623 	EXP 	unnamed TextStim: text = "Bienvenue ! \n\nPlacez l'index de vos deux mains sur les touches \n\nportant une gommette de couleur \n\n\n"
9.8681 	EXP 	Created unnamed TextStim = TextStim(__class__=<class 'psychopy.visual.text.TextStim'>, alignHoriz=method-wrapper(...), alignText='center', alignVert=method-wrapper(...), anchorHoriz='center', anchorVert='center', antialias=True, autoLog=True, bold=False, color=array([1., 1., 1.]), colorSpace='rgb', contrast=1.0, depth=0, flipHoriz=False, flipVert=False, font='Consolas', fontFiles=[], height=0.4, italic=False, languageStyle='LTR', name='unnamed TextStim', opacity=1.0, ori=0, pos=array([0., 0.]), rgb=array([1., 1., 1.]), text='Hello World', units='deg', win=Window(...), wrapWidth=35)
9.8803 	EXP 	unnamed TextStim: color = 'white'
9.8803 	EXP 	unnamed TextStim: text = "Bienvenue ! \n\nPlacez l'index de vos deux mains sur les touches \n\nportant une gommette de couleur \n\n\n"
9.8862 	EXP 	Created unnamed TextStim = TextStim(__class__=<class 'psychopy.visual.text.TextStim'>, alignHoriz=method-wrapper(...), alignText='center', alignVert=method-wrapper(...), anchorHoriz='center', anchorVert='center', antialias=True, autoLog=True, bold=False, color=array([1., 1., 1.]), colorSpace='rgb', contrast=1.0, depth=0, flipHoriz=False, flipVert=False, font='Consolas', fontFiles=[], height=0.4, italic=False, languageStyle='LTR', name='unnamed TextStim', opacity=1.0, ori=0, pos=array([0., 0.]), rgb=array([1., 1., 1.]), text='Hello World', units='deg', win=Window(...), wrapWidth=35)
9.9124 	EXP 	unnamed TextStim: color = 'white'
9.9124 	EXP 	unnamed TextStim: text = "Bienvenue ! \n\nPlacez l'index de vos deux mains sur les touches \n\nportant une gommette de couleur \n\n\n"
9.9181 	EXP 	Created unnamed TextStim = TextStim(__class__=<class 'psychopy.visual.text.TextStim'>, alignHoriz=method-wrapper(...), alignText='center', alignVert=method-wrapper(...), anchorHoriz='center', anchorVert='center', antialias=True, autoLog=True, bold=False, color=array([1., 1., 1.]), colorSpace='rgb', contrast=1.0, depth=0, flipHoriz=False, flipVert=False, font='Consolas', fontFiles=[], height=0.4, italic=False, languageStyle='LTR', name='unnamed TextStim', opacity=1.0, ori=0, pos=array([0., 0.]), rgb=array([1., 1., 1.]), text='Hello World', units='deg', win=Window(...), wrapWidth=35)
9.9295 	EXP 	unnamed TextStim: color = 'white'
9.9295 	EXP 	unnamed TextStim: text = "Bienvenue ! \n\nPlacez l'index de vos deux mains sur les touches \n\nportant une gommette de couleur \n\n\n"
9.9352 	EXP 	Created unnamed TextStim = TextStim(__class__=<class 'psychopy.visual.text.TextStim'>, alignHoriz=method-wrapper(...), alignText='center', alignVert=method-wrapper(...), anchorHoriz='center', anchorVert='center', antialias=True, autoLog=True, bold=False, color=array([1., 1., 1.]), colorSpace='rgb', contrast=1.0, depth=0, flipHoriz=False, flipVert=False, font='Consolas', fontFiles=[], height=0.4, italic=False, languageStyle='LTR', name='unnamed TextStim', opacity=1.0, ori=0, pos=array([0., 0.]), rgb=array([1., 1., 1.]), text='Hello World', units='deg', win=Window(...), wrapWidth=35)
9.9449 	DATA 	Keypress: 4
9.9623 	EXP 	unnamed TextStim: color = 'white'
9.9623 	EXP 	unnamed TextStim: text = "Bienvenue ! \n\nPlacez l'index de vos deux mains sur les touches \n\nportant une gommette de couleur \n\n\n"
9.9681 	EXP 	Created unnamed TextStim = TextStim(__class__=<class 'psychopy.visual.text.TextStim'>, alignHoriz=method-wrapper(...), alignText='center', alignVert=method-wrapper(...), anchorHoriz='center', anchorVert='center', antialias=True, autoLog=True, bold=False, color=array([1., 1., 1.]), colorSpace='rgb', contrast=1.0, depth=0, flipHoriz=False, flipVert=False, font='Consolas', fontFiles=[], height=0.4, italic=False, languageStyle='LTR', name='unnamed TextStim', opacity=1.0, ori=0, pos=array([0., 0.]), rgb=array([1., 1., 1.]), text='Hello World', units='deg', win=Window(...), wrapWidth=35)
9.9796 	EXP 	unnamed TextStim: color = 'white'
9.9796 	EXP 	unnamed TextStim: text = "Bienvenue ! \n\nPlacez l'index de vos deux mains sur les touches \n\nportant une gommette de couleur \n\n\n"
9.9852 	EXP 	Created unnamed TextStim = TextStim(__class__=<class 'psychopy.visual.text.TextStim'>, alignHoriz=method-wrapper(...), alignText='center', alignVert=method-wrapper(...), anchorHoriz='center', anchorVert='center', antialias=True, autoLog=True, bold=False, color=array([1., 1., 1.]), colorSpace='rgb', contrast=1.0, depth=0, flipHoriz=False, flipVert=False, font='Consolas', fontFiles=[], height=0.4, italic=False, languageStyle='LTR', name='unnamed TextStim', opacity=1.0, ori=0, pos=array([0., 0.]), rgb=array([1., 1., 1.]), text='Hello World', units='deg', win=Window(...), wrapWidth=35)
10.0123 	EXP 	unnamed TextStim: color = 'white'
10.0123 	EXP 	unnamed TextStim: text = "Bienvenue ! \n\nPlacez l'index de vos deux mains sur les touches \n\nportant une gommette de couleur \n\n\n"
10.0181 	EXP 	Created unnamed TextStim = TextStim(__class__=<class 'psychopy.visual.text.TextStim'>, alignHoriz=method-wrapper(...), alignText='center', alignVert=method-wrapper(...), anchorHoriz='center', anchorVert='center', antialias=True, autoLog=True, bold=False, color=array([1., 1., 1.]), colorSpace='rgb', contrast=1.0, depth=0, flipHoriz=False, flipVert=False, font='Consolas', fontFiles=[], height=0.4, italic=False, languageStyle='LTR', name='unnamed TextStim', opacity=1.0, ori=0, pos=array([0., 0.]), rgb=array([1., 1., 1.]), text='Hello World', units='deg', win=Window(...), wrapWidth=35)
10.0293 	EXP 	unnamed TextStim: color = 'white'
10.0293 	EXP 	unnamed TextStim: text = "Bienvenue ! \n\nPlacez l'index de vos deux mains sur les touches \n\nportant une gommette de couleur \n\n\n"
10.0351 	EXP 	Created unnamed TextStim = TextStim(__class__=<class 'psychopy.visual.text.TextStim'>, alignHoriz=method-wrapper(...), alignText='center', alignVert=method-wrapper(...), anchorHoriz='center', anchorVert='center', antialias=True, autoLog=True, bold=False, color=array([1., 1., 1.]), colorSpace='rgb', contrast=1.0, depth=0, flipHoriz=False, flipVert=False, font='Consolas', fontFiles=[], height=0.4, italic=False, languageStyle='LTR', name='unnamed TextStim', opacity=1.0, ori=0, pos=array([0., 0.]), rgb=array([1., 1., 1.]), text='Hello World', units='deg', win=Window(...), wrapWidth=35)
10.0624 	EXP 	unnamed TextStim: color = 'white'
10.0624 	EXP 	unnamed TextStim: text = "Bienvenue ! \n\nPlacez l'index de vos deux mains sur les touches \n\nportant une gommette de couleur \n\n\n"
10.0682 	EXP 	Created unnamed TextStim = TextStim(__class__=<class 'psychopy.visual.text.TextStim'>, alignHoriz=method-wrapper(...), alignText='center', alignVert=method-wrapper(...), anchorHoriz='center', anchorVert='center', antialias=True, autoLog=True, bold=False, color=array([1., 1., 1.]), colorSpace='rgb', contrast=1.0, depth=0, flipHoriz=False, flipVert=False, font='Consolas', fontFiles=[], height=0.4, italic=False, languageStyle='LTR', name='unnamed TextStim', opacity=1.0, ori=0, pos=array([0., 0.]), rgb=array([1., 1., 1.]), text='Hello World', units='deg', win=Window(...), wrapWidth=35)
10.0794 	EXP 	unnamed TextStim: color = 'white'
10.0794 	EXP 	unnamed TextStim: text = "Bienvenue ! \n\nPlacez l'index de vos deux mains sur les touches \n\nportant une gommette de couleur \n\n\n"
10.0854 	EXP 	Created unnamed TextStim = TextStim(__class__=<class 'psychopy.visual.text.TextStim'>, alignHoriz=method-wrapper(...), alignText='center', alignVert=method-wrapper(...), anchorHoriz='center', anchorVert='center', antialias=True, autoLog=True, bold=False, color=array([1., 1., 1.]), colorSpace='rgb', contrast=1.0, depth=0, flipHoriz=False, flipVert=False, font='Consolas', fontFiles=[], height=0.4, italic=False, languageStyle='LTR', name='unnamed TextStim', opacity=1.0, ori=0, pos=array([0., 0.]), rgb=array([1., 1., 1.]), text='Hello World', units='deg', win=Window(...), wrapWidth=35)
10.1124 	EXP 	unnamed TextStim: color = 'white'
10.1124 	EXP 	unnamed TextStim: text = "Bienvenue ! \n\nPlacez l'index de vos deux mains sur les touches \n\nportant une gommette de couleur \n\n\n"
10.2192 	EXP 	Created unnamed TextStim = TextStim(__class__=<class 'psychopy.visual.text.TextStim'>, alignHoriz=method-wrapper(...), alignText='center', alignVert=method-wrapper(...), anchorHoriz='center', anchorVert='center', antialias=True, autoLog=True, bold=False, color=array([1., 1., 1.]), colorSpace='rgb', contrast=1.0, depth=0, flipHoriz=False, flipVert=False, font='Consolas', fontFiles=[], height=0.4, italic=False, languageStyle='LTR', name='unnamed TextStim', opacity=1.0, ori=0, pos=array([0., 0.]), rgb=array([1., 1., 1.]), text='Hello World', units='deg', win=Window(...), wrapWidth=35)
10.2456 	EXP 	unnamed TextStim: color = 'white'
10.2456 	EXP 	unnamed TextStim: text = "A chaque essai vous verrez une croix de couleur \n\nsuivie d'un cercle bruité puis un stimulus orienté verticalement ou horizontalement"
10.2512 	EXP 	Created unnamed TextStim = TextStim(__class__=<class 'psychopy.visual.text.TextStim'>, alignHoriz=method-wrapper(...), alignText='center', alignVert=method-wrapper(...), anchorHoriz='center', anchorVert='center', antialias=True, autoLog=True, bold=False, color=array([1., 1., 1.]), colorSpace='rgb', contrast=1.0, depth=0, flipHoriz=False, flipVert=False, font='Consolas', fontFiles=[], height=0.4, italic=False, languageStyle='LTR', name='unnamed TextStim', opacity=1.0, ori=0, pos=array([0., 0.]), rgb=array([1., 1., 1.]), text='Hello World', units='deg', win=Window(...), wrapWidth=35)
10.2789 	EXP 	unnamed TextStim: color = 'white'
10.2789 	EXP 	unnamed TextStim: text = "A chaque essai vous verrez une croix de couleur \n\nsuivie d'un cercle bruité puis un stimulus orienté verticalement ou horizontalement"
10.2841 	EXP 	Created unnamed TextStim = TextStim(__class__=<class 'psychopy.visual.text.TextStim'>, alignHoriz=method-wrapper(...), alignText='center', alignVert=method-wrapper(...), anchorHoriz='center', anchorVert='center', antialias=True, autoLog=True, bold=False, color=array([1., 1., 1.]), colorSpace='rgb', contrast=1.0, depth=0, flipHoriz=False, flipVert=False, font='Consolas', fontFiles=[], height=0.4, italic=False, languageStyle='LTR', name='unnamed TextStim', opacity=1.0, ori=0, pos=array([0., 0.]), rgb=array([1., 1., 1.]), text='Hello World', units='deg', win=Window(...), wrapWidth=35)
10.3123 	EXP 	unnamed TextStim: color = 'white'
10.3123 	EXP 	unnamed TextStim: text = "A chaque essai vous verrez une croix de couleur \n\nsuivie d'un cercle bruité puis un stimulus orienté verticalement ou horizontalement"
10.3182 	EXP 	Created unnamed TextStim = TextStim(__class__=<class 'psychopy.visual.text.TextStim'>, alignHoriz=method-wrapper(...), alignText='center', alignVert=method-wrapper(...), anchorHoriz='center', anchorVert='center', antialias=True, autoLog=True, bold=False, color=array([1., 1., 1.]), colorSpace='rgb', contrast=1.0, depth=0, flipHoriz=False, flipVert=False, font='Consolas', fontFiles=[], height=0.4, italic=False, languageStyle='LTR', name='unnamed TextStim', opacity=1.0, ori=0, pos=array([0., 0.]), rgb=array([1., 1., 1.]), text='Hello World', units='deg', win=Window(...), wrapWidth=35)
10.3456 	EXP 	unnamed TextStim: color = 'white'
10.3456 	EXP 	unnamed TextStim: text = "A chaque essai vous verrez une croix de couleur \n\nsuivie d'un cercle bruité puis un stimulus orienté verticalement ou horizontalement"
10.3511 	EXP 	Created unnamed TextStim = TextStim(__class__=<class 'psychopy.visual.text.TextStim'>, alignHoriz=method-wrapper(...), alignText='center', alignVert=method-wrapper(...), anchorHoriz='center', anchorVert='center', antialias=True, autoLog=True, bold=False, color=array([1., 1., 1.]), colorSpace='rgb', contrast=1.0, depth=0, flipHoriz=False, flipVert=False, font='Consolas', fontFiles=[], height=0.4, italic=False, languageStyle='LTR', name='unnamed TextStim', opacity=1.0, ori=0, pos=array([0., 0.]), rgb=array([1., 1., 1.]), text='Hello World', units='deg', win=Window(...), wrapWidth=35)
10.3790 	EXP 	unnamed TextStim: color = 'white'
10.3790 	EXP 	unnamed TextStim: text = "A chaque essai vous verrez une croix de couleur \n\nsuivie d'un cercle bruité puis un stimulus orienté verticalement ou horizontalement"
10.3851 	EXP 	Created unnamed TextStim = TextStim(__class__=<class 'psychopy.visual.text.TextStim'>, alignHoriz=method-wrapper(...), alignText='center', alignVert=method-wrapper(...), anchorHoriz='center', anchorVert='center', antialias=True, autoLog=True, bold=False, color=array([1., 1., 1.]), colorSpace='rgb', contrast=1.0, depth=0, flipHoriz=False, flipVert=False, font='Consolas', fontFiles=[], height=0.4, italic=False, languageStyle='LTR', name='unnamed TextStim', opacity=1.0, ori=0, pos=array([0., 0.]), rgb=array([1., 1., 1.]), text='Hello World', units='deg', win=Window(...), wrapWidth=35)
10.4123 	EXP 	unnamed TextStim: color = 'white'
10.4123 	EXP 	unnamed TextStim: text = "A chaque essai vous verrez une croix de couleur \n\nsuivie d'un cercle bruité puis un stimulus orienté verticalement ou horizontalement"
10.4181 	EXP 	Created unnamed TextStim = TextStim(__class__=<class 'psychopy.visual.text.TextStim'>, alignHoriz=method-wrapper(...), alignText='center', alignVert=method-wrapper(...), anchorHoriz='center', anchorVert='center', antialias=True, autoLog=True, bold=False, color=array([1., 1., 1.]), colorSpace='rgb', contrast=1.0, depth=0, flipHoriz=False, flipVert=False, font='Consolas', fontFiles=[], height=0.4, italic=False, languageStyle='LTR', name='unnamed TextStim', opacity=1.0, ori=0, pos=array([0., 0.]), rgb=array([1., 1., 1.]), text='Hello World', units='deg', win=Window(...), wrapWidth=35)
10.4457 	EXP 	unnamed TextStim: color = 'white'
10.4457 	EXP 	unnamed TextStim: text = "A chaque essai vous verrez une croix de couleur \n\nsuivie d'un cercle bruité puis un stimulus orienté verticalement ou horizontalement"
10.4514 	EXP 	Created unnamed TextStim = TextStim(__class__=<class 'psychopy.visual.text.TextStim'>, alignHoriz=method-wrapper(...), alignText='center', alignVert=method-wrapper(...), anchorHoriz='center', anchorVert='center', antialias=True, autoLog=True, bold=False, color=array([1., 1., 1.]), colorSpace='rgb', contrast=1.0, depth=0, flipHoriz=False, flipVert=False, font='Consolas', fontFiles=[], height=0.4, italic=False, languageStyle='LTR', name='unnamed TextStim', opacity=1.0, ori=0, pos=array([0., 0.]), rgb=array([1., 1., 1.]), text='Hello World', units='deg', win=Window(...), wrapWidth=35)
10.4790 	EXP 	unnamed TextStim: color = 'white'
10.4790 	EXP 	unnamed TextStim: text = "A chaque essai vous verrez une croix de couleur \n\nsuivie d'un cercle bruité puis un stimulus orienté verticalement ou horizontalement"
10.4841 	EXP 	Created unnamed TextStim = TextStim(__class__=<class 'psychopy.visual.text.TextStim'>, alignHoriz=method-wrapper(...), alignText='center', alignVert=method-wrapper(...), anchorHoriz='center', anchorVert='center', antialias=True, autoLog=True, bold=False, color=array([1., 1., 1.]), colorSpace='rgb', contrast=1.0, depth=0, flipHoriz=False, flipVert=False, font='Consolas', fontFiles=[], height=0.4, italic=False, languageStyle='LTR', name='unnamed TextStim', opacity=1.0, ori=0, pos=array([0., 0.]), rgb=array([1., 1., 1.]), text='Hello World', units='deg', win=Window(...), wrapWidth=35)
10.5122 	EXP 	unnamed TextStim: color = 'white'
10.5122 	EXP 	unnamed TextStim: text = "A chaque essai vous verrez une croix de couleur \n\nsuivie d'un cercle bruité puis un stimulus orienté verticalement ou horizontalement"
10.5182 	EXP 	Created unnamed TextStim = TextStim(__class__=<class 'psychopy.visual.text.TextStim'>, alignHoriz=method-wrapper(...), alignText='center', alignVert=method-wrapper(...), anchorHoriz='center', anchorVert='center', antialias=True, autoLog=True, bold=False, color=array([1., 1., 1.]), colorSpace='rgb', contrast=1.0, depth=0, flipHoriz=False, flipVert=False, font='Consolas', fontFiles=[], height=0.4, italic=False, languageStyle='LTR', name='unnamed TextStim', opacity=1.0, ori=0, pos=array([0., 0.]), rgb=array([1., 1., 1.]), text='Hello World', units='deg', win=Window(...), wrapWidth=35)
10.5457 	EXP 	unnamed TextStim: color = 'white'
10.5457 	EXP 	unnamed TextStim: text = "A chaque essai vous verrez une croix de couleur \n\nsuivie d'un cercle bruité puis un stimulus orienté verticalement ou horizontalement"
10.5511 	EXP 	Created unnamed TextStim = TextStim(__class__=<class 'psychopy.visual.text.TextStim'>, alignHoriz=method-wrapper(...), alignText='center', alignVert=method-wrapper(...), anchorHoriz='center', anchorVert='center', antialias=True, autoLog=True, bold=False, color=array([1., 1., 1.]), colorSpace='rgb', contrast=1.0, depth=0, flipHoriz=False, flipVert=False, font='Consolas', fontFiles=[], height=0.4, italic=False, languageStyle='LTR', name='unnamed TextStim', opacity=1.0, ori=0, pos=array([0., 0.]), rgb=array([1., 1., 1.]), text='Hello World', units='deg', win=Window(...), wrapWidth=35)
10.5624 	DATA 	Keypress: 4
10.5791 	EXP 	unnamed TextStim: color = 'white'
10.5791 	EXP 	unnamed TextStim: text = "A chaque essai vous verrez une croix de couleur \n\nsuivie d'un cercle bruité puis un stimulus orienté verticalement ou horizontalement"
10.5852 	EXP 	Created unnamed TextStim = TextStim(__class__=<class 'psychopy.visual.text.TextStim'>, alignHoriz=method-wrapper(...), alignText='center', alignVert=method-wrapper(...), anchorHoriz='center', anchorVert='center', antialias=True, autoLog=True, bold=False, color=array([1., 1., 1.]), colorSpace='rgb', contrast=1.0, depth=0, flipHoriz=False, flipVert=False, font='Consolas', fontFiles=[], height=0.4, italic=False, languageStyle='LTR', name='unnamed TextStim', opacity=1.0, ori=0, pos=array([0., 0.]), rgb=array([1., 1., 1.]), text='Hello World', units='deg', win=Window(...), wrapWidth=35)
10.6122 	EXP 	unnamed TextStim: color = 'white'
10.6122 	EXP 	unnamed TextStim: text = "A chaque essai vous verrez une croix de couleur \n\nsuivie d'un cercle bruité puis un stimulus orienté verticalement ou horizontalement"
10.6183 	EXP 	Created unnamed TextStim = TextStim(__class__=<class 'psychopy.visual.text.TextStim'>, alignHoriz=method-wrapper(...), alignText='center', alignVert=method-wrapper(...), anchorHoriz='center', anchorVert='center', antialias=True, autoLog=True, bold=False, color=array([1., 1., 1.]), colorSpace='rgb', contrast=1.0, depth=0, flipHoriz=False, flipVert=False, font='Consolas', fontFiles=[], height=0.4, italic=False, languageStyle='LTR', name='unnamed TextStim', opacity=1.0, ori=0, pos=array([0., 0.]), rgb=array([1., 1., 1.]), text='Hello World', units='deg', win=Window(...), wrapWidth=35)
10.6456 	EXP 	unnamed TextStim: color = 'white'
10.6456 	EXP 	unnamed TextStim: text = "A chaque essai vous verrez une croix de couleur \n\nsuivie d'un cercle bruité puis un stimulus orienté verticalement ou horizontalement"
10.6511 	EXP 	Created unnamed TextStim = TextStim(__class__=<class 'psychopy.visual.text.TextStim'>, alignHoriz=method-wrapper(...), alignText='center', alignVert=method-wrapper(...), anchorHoriz='center', anchorVert='center', antialias=True, autoLog=True, bold=False, color=array([1., 1., 1.]), colorSpace='rgb', contrast=1.0, depth=0, flipHoriz=False, flipVert=False, font='Consolas', fontFiles=[], height=0.4, italic=False, languageStyle='LTR', name='unnamed TextStim', opacity=1.0, ori=0, pos=array([0., 0.]), rgb=array([1., 1., 1.]), text='Hello World', units='deg', win=Window(...), wrapWidth=35)
10.6790 	EXP 	unnamed TextStim: color = 'white'
10.6790 	EXP 	unnamed TextStim: text = "A chaque essai vous verrez une croix de couleur \n\nsuivie d'un cercle bruité puis un stimulus orienté verticalement ou horizontalement"
10.6851 	EXP 	Created unnamed TextStim = TextStim(__class__=<class 'psychopy.visual.text.TextStim'>, alignHoriz=method-wrapper(...), alignText='center', alignVert=method-wrapper(...), anchorHoriz='center', anchorVert='center', antialias=True, autoLog=True, bold=False, color=array([1., 1., 1.]), colorSpace='rgb', contrast=1.0, depth=0, flipHoriz=False, flipVert=False, font='Consolas', fontFiles=[], height=0.4, italic=False, languageStyle='LTR', name='unnamed TextStim', opacity=1.0, ori=0, pos=array([0., 0.]), rgb=array([1., 1., 1.]), text='Hello World', units='deg', win=Window(...), wrapWidth=35)
10.7123 	EXP 	unnamed TextStim: color = 'white'
10.7123 	EXP 	unnamed TextStim: text = "A chaque essai vous verrez une croix de couleur \n\nsuivie d'un cercle bruité puis un stimulus orienté verticalement ou horizontalement"
10.7181 	EXP 	Created unnamed TextStim = TextStim(__class__=<class 'psychopy.visual.text.TextStim'>, alignHoriz=method-wrapper(...), alignText='center', alignVert=method-wrapper(...), anchorHoriz='center', anchorVert='center', antialias=True, autoLog=True, bold=False, color=array([1., 1., 1.]), colorSpace='rgb', contrast=1.0, depth=0, flipHoriz=False, flipVert=False, font='Consolas', fontFiles=[], height=0.4, italic=False, languageStyle='LTR', name='unnamed TextStim', opacity=1.0, ori=0, pos=array([0., 0.]), rgb=array([1., 1., 1.]), text='Hello World', units='deg', win=Window(...), wrapWidth=35)
10.7456 	EXP 	unnamed TextStim: color = 'white'
10.7456 	EXP 	unnamed TextStim: text = "A chaque essai vous verrez une croix de couleur \n\nsuivie d'un cercle bruité puis un stimulus orienté verticalement ou horizontalement"
10.8522 	EXP 	Created unnamed TextStim = TextStim(__class__=<class 'psychopy.visual.text.TextStim'>, alignHoriz=method-wrapper(...), alignText='center', alignVert=method-wrapper(...), anchorHoriz='center', anchorVert='center', antialias=True, autoLog=True, bold=False, color=array([1., 1., 1.]), colorSpace='rgb', contrast=1.0, depth=0, flipHoriz=False, flipVert=False, font='Consolas', fontFiles=[], height=0.4, italic=False, languageStyle='LTR', name='unnamed TextStim', opacity=1.0, ori=0, pos=array([0., 0.]), rgb=array([1., 1., 1.]), text='Hello World', units='deg', win=Window(...), wrapWidth=35)
10.8790 	EXP 	unnamed TextStim: color = 'white'
10.8790 	EXP 	unnamed TextStim: text = 'Après la présentation du 2ème stimulus, appuyez sur la touche: \n\n\t - de gauche si le stimulus est orienté horizontalement\n\n\t - de droite si le stimulus est orienté verticalement\n\n'
10.8842 	EXP 	Created unnamed TextStim = TextStim(__class__=<class 'psychopy.visual.text.TextStim'>, alignHoriz=method-wrapper(...), alignText='center', alignVert=method-wrapper(...), anchorHoriz='center', anchorVert='center', antialias=True, autoLog=True, bold=False, color=array([1., 1., 1.]), colorSpace='rgb', contrast=1.0, depth=0, flipHoriz=False, flipVert=False, font='Consolas', fontFiles=[], height=0.4, italic=False, languageStyle='LTR', name='unnamed TextStim', opacity=1.0, ori=0, pos=array([0., 0.]), rgb=array([1., 1., 1.]), text='Hello World', units='deg', win=Window(...), wrapWidth=35)
10.9122 	EXP 	unnamed TextStim: color = 'white'
10.9122 	EXP 	unnamed TextStim: text = 'Après la présentation du 2ème stimulus, appuyez sur la touche: \n\n\t - de gauche si le stimulus est orienté horizontalement\n\n\t - de droite si le stimulus est orienté verticalement\n\n'
10.9182 	EXP 	Created unnamed TextStim = TextStim(__class__=<class 'psychopy.visual.text.TextStim'>, alignHoriz=method-wrapper(...), alignText='center', alignVert=method-wrapper(...), anchorHoriz='center', anchorVert='center', antialias=True, autoLog=True, bold=False, color=array([1., 1., 1.]), colorSpace='rgb', contrast=1.0, depth=0, flipHoriz=False, flipVert=False, font='Consolas', fontFiles=[], height=0.4, italic=False, languageStyle='LTR', name='unnamed TextStim', opacity=1.0, ori=0, pos=array([0., 0.]), rgb=array([1., 1., 1.]), text='Hello World', units='deg', win=Window(...), wrapWidth=35)
10.9456 	EXP 	unnamed TextStim: color = 'white'
10.9456 	EXP 	unnamed TextStim: text = 'Après la présentation du 2ème stimulus, appuyez sur la touche: \n\n\t - de gauche si le stimulus est orienté horizontalement\n\n\t - de droite si le stimulus est orienté verticalement\n\n'
10.9512 	EXP 	Created unnamed TextStim = TextStim(__class__=<class 'psychopy.visual.text.TextStim'>, alignHoriz=method-wrapper(...), alignText='center', alignVert=method-wrapper(...), anchorHoriz='center', anchorVert='center', antialias=True, autoLog=True, bold=False, color=array([1., 1., 1.]), colorSpace='rgb', contrast=1.0, depth=0, flipHoriz=False, flipVert=False, font='Consolas', fontFiles=[], height=0.4, italic=False, languageStyle='LTR', name='unnamed TextStim', opacity=1.0, ori=0, pos=array([0., 0.]), rgb=array([1., 1., 1.]), text='Hello World', units='deg', win=Window(...), wrapWidth=35)
10.9789 	EXP 	unnamed TextStim: color = 'white'
10.9789 	EXP 	unnamed TextStim: text = 'Après la présentation du 2ème stimulus, appuyez sur la touche: \n\n\t - de gauche si le stimulus est orienté horizontalement\n\n\t - de droite si le stimulus est orienté verticalement\n\n'
10.9842 	EXP 	Created unnamed TextStim = TextStim(__class__=<class 'psychopy.visual.text.TextStim'>, alignHoriz=method-wrapper(...), alignText='center', alignVert=method-wrapper(...), anchorHoriz='center', anchorVert='center', antialias=True, autoLog=True, bold=False, color=array([1., 1., 1.]), colorSpace='rgb', contrast=1.0, depth=0, flipHoriz=False, flipVert=False, font='Consolas', fontFiles=[], height=0.4, italic=False, languageStyle='LTR', name='unnamed TextStim', opacity=1.0, ori=0, pos=array([0., 0.]), rgb=array([1., 1., 1.]), text='Hello World', units='deg', win=Window(...), wrapWidth=35)
11.0123 	EXP 	unnamed TextStim: color = 'white'
11.0123 	EXP 	unnamed TextStim: text = 'Après la présentation du 2ème stimulus, appuyez sur la touche: \n\n\t - de gauche si le stimulus est orienté horizontalement\n\n\t - de droite si le stimulus est orienté verticalement\n\n'
11.0182 	EXP 	Created unnamed TextStim = TextStim(__class__=<class 'psychopy.visual.text.TextStim'>, alignHoriz=method-wrapper(...), alignText='center', alignVert=method-wrapper(...), anchorHoriz='center', anchorVert='center', antialias=True, autoLog=True, bold=False, color=array([1., 1., 1.]), colorSpace='rgb', contrast=1.0, depth=0, flipHoriz=False, flipVert=False, font='Consolas', fontFiles=[], height=0.4, italic=False, languageStyle='LTR', name='unnamed TextStim', opacity=1.0, ori=0, pos=array([0., 0.]), rgb=array([1., 1., 1.]), text='Hello World', units='deg', win=Window(...), wrapWidth=35)
11.0455 	EXP 	unnamed TextStim: color = 'white'
11.0455 	EXP 	unnamed TextStim: text = 'Après la présentation du 2ème stimulus, appuyez sur la touche: \n\n\t - de gauche si le stimulus est orienté horizontalement\n\n\t - de droite si le stimulus est orienté verticalement\n\n'
11.0511 	EXP 	Created unnamed TextStim = TextStim(__class__=<class 'psychopy.visual.text.TextStim'>, alignHoriz=method-wrapper(...), alignText='center', alignVert=method-wrapper(...), anchorHoriz='center', anchorVert='center', antialias=True, autoLog=True, bold=False, color=array([1., 1., 1.]), colorSpace='rgb', contrast=1.0, depth=0, flipHoriz=False, flipVert=False, font='Consolas', fontFiles=[], height=0.4, italic=False, languageStyle='LTR', name='unnamed TextStim', opacity=1.0, ori=0, pos=array([0., 0.]), rgb=array([1., 1., 1.]), text='Hello World', units='deg', win=Window(...), wrapWidth=35)
11.0789 	EXP 	unnamed TextStim: color = 'white'
11.0789 	EXP 	unnamed TextStim: text = 'Après la présentation du 2ème stimulus, appuyez sur la touche: \n\n\t - de gauche si le stimulus est orienté horizontalement\n\n\t - de droite si le stimulus est orienté verticalement\n\n'
11.0841 	EXP 	Created unnamed TextStim = TextStim(__class__=<class 'psychopy.visual.text.TextStim'>, alignHoriz=method-wrapper(...), alignText='center', alignVert=method-wrapper(...), anchorHoriz='center', anchorVert='center', antialias=True, autoLog=True, bold=False, color=array([1., 1., 1.]), colorSpace='rgb', contrast=1.0, depth=0, flipHoriz=False, flipVert=False, font='Consolas', fontFiles=[], height=0.4, italic=False, languageStyle='LTR', name='unnamed TextStim', opacity=1.0, ori=0, pos=array([0., 0.]), rgb=array([1., 1., 1.]), text='Hello World', units='deg', win=Window(...), wrapWidth=35)
11.1122 	EXP 	unnamed TextStim: color = 'white'
11.1122 	EXP 	unnamed TextStim: text = 'Après la présentation du 2ème stimulus, appuyez sur la touche: \n\n\t - de gauche si le stimulus est orienté horizontalement\n\n\t - de droite si le stimulus est orienté verticalement\n\n'
11.1184 	EXP 	Created unnamed TextStim = TextStim(__class__=<class 'psychopy.visual.text.TextStim'>, alignHoriz=method-wrapper(...), alignText='center', alignVert=method-wrapper(...), anchorHoriz='center', anchorVert='center', antialias=True, autoLog=True, bold=False, color=array([1., 1., 1.]), colorSpace='rgb', contrast=1.0, depth=0, flipHoriz=False, flipVert=False, font='Consolas', fontFiles=[], height=0.4, italic=False, languageStyle='LTR', name='unnamed TextStim', opacity=1.0, ori=0, pos=array([0., 0.]), rgb=array([1., 1., 1.]), text='Hello World', units='deg', win=Window(...), wrapWidth=35)
11.1456 	EXP 	unnamed TextStim: color = 'white'
11.1456 	EXP 	unnamed TextStim: text = 'Après la présentation du 2ème stimulus, appuyez sur la touche: \n\n\t - de gauche si le stimulus est orienté horizontalement\n\n\t - de droite si le stimulus est orienté verticalement\n\n'
11.1512 	EXP 	Created unnamed TextStim = TextStim(__class__=<class 'psychopy.visual.text.TextStim'>, alignHoriz=method-wrapper(...), alignText='center', alignVert=method-wrapper(...), anchorHoriz='center', anchorVert='center', antialias=True, autoLog=True, bold=False, color=array([1., 1., 1.]), colorSpace='rgb', contrast=1.0, depth=0, flipHoriz=False, flipVert=False, font='Consolas', fontFiles=[], height=0.4, italic=False, languageStyle='LTR', name='unnamed TextStim', opacity=1.0, ori=0, pos=array([0., 0.]), rgb=array([1., 1., 1.]), text='Hello World', units='deg', win=Window(...), wrapWidth=35)
11.1789 	EXP 	unnamed TextStim: color = 'white'
11.1789 	EXP 	unnamed TextStim: text = 'Après la présentation du 2ème stimulus, appuyez sur la touche: \n\n\t - de gauche si le stimulus est orienté horizontalement\n\n\t - de droite si le stimulus est orienté verticalement\n\n'
11.1842 	EXP 	Created unnamed TextStim = TextStim(__class__=<class 'psychopy.visual.text.TextStim'>, alignHoriz=method-wrapper(...), alignText='center', alignVert=method-wrapper(...), anchorHoriz='center', anchorVert='center', antialias=True, autoLog=True, bold=False, color=array([1., 1., 1.]), colorSpace='rgb', contrast=1.0, depth=0, flipHoriz=False, flipVert=False, font='Consolas', fontFiles=[], height=0.4, italic=False, languageStyle='LTR', name='unnamed TextStim', opacity=1.0, ori=0, pos=array([0., 0.]), rgb=array([1., 1., 1.]), text='Hello World', units='deg', win=Window(...), wrapWidth=35)
11.2123 	EXP 	unnamed TextStim: color = 'white'
11.2123 	EXP 	unnamed TextStim: text = 'Après la présentation du 2ème stimulus, appuyez sur la touche: \n\n\t - de gauche si le stimulus est orienté horizontalement\n\n\t - de droite si le stimulus est orienté verticalement\n\n'
11.2181 	EXP 	Created unnamed TextStim = TextStim(__class__=<class 'psychopy.visual.text.TextStim'>, alignHoriz=method-wrapper(...), alignText='center', alignVert=method-wrapper(...), anchorHoriz='center', anchorVert='center', antialias=True, autoLog=True, bold=False, color=array([1., 1., 1.]), colorSpace='rgb', contrast=1.0, depth=0, flipHoriz=False, flipVert=False, font='Consolas', fontFiles=[], height=0.4, italic=False, languageStyle='LTR', name='unnamed TextStim', opacity=1.0, ori=0, pos=array([0., 0.]), rgb=array([1., 1., 1.]), text='Hello World', units='deg', win=Window(...), wrapWidth=35)
11.2456 	EXP 	unnamed TextStim: color = 'white'
11.2456 	EXP 	unnamed TextStim: text = 'Après la présentation du 2ème stimulus, appuyez sur la touche: \n\n\t - de gauche si le stimulus est orienté horizontalement\n\n\t - de droite si le stimulus est orienté verticalement\n\n'
11.2512 	EXP 	Created unnamed TextStim = TextStim(__class__=<class 'psychopy.visual.text.TextStim'>, alignHoriz=method-wrapper(...), alignText='center', alignVert=method-wrapper(...), anchorHoriz='center', anchorVert='center', antialias=True, autoLog=True, bold=False, color=array([1., 1., 1.]), colorSpace='rgb', contrast=1.0, depth=0, flipHoriz=False, flipVert=False, font='Consolas', fontFiles=[], height=0.4, italic=False, languageStyle='LTR', name='unnamed TextStim', opacity=1.0, ori=0, pos=array([0., 0.]), rgb=array([1., 1., 1.]), text='Hello World', units='deg', win=Window(...), wrapWidth=35)
11.2656 	DATA 	Keypress: 4
11.2789 	EXP 	unnamed TextStim: color = 'white'
11.2789 	EXP 	unnamed TextStim: text = 'Après la présentation du 2ème stimulus, appuyez sur la touche: \n\n\t - de gauche si le stimulus est orienté horizontalement\n\n\t - de droite si le stimulus est orienté verticalement\n\n'
11.2842 	EXP 	Created unnamed TextStim = TextStim(__class__=<class 'psychopy.visual.text.TextStim'>, alignHoriz=method-wrapper(...), alignText='center', alignVert=method-wrapper(...), anchorHoriz='center', anchorVert='center', antialias=True, autoLog=True, bold=False, color=array([1., 1., 1.]), colorSpace='rgb', contrast=1.0, depth=0, flipHoriz=False, flipVert=False, font='Consolas', fontFiles=[], height=0.4, italic=False, languageStyle='LTR', name='unnamed TextStim', opacity=1.0, ori=0, pos=array([0., 0.]), rgb=array([1., 1., 1.]), text='Hello World', units='deg', win=Window(...), wrapWidth=35)
11.3123 	EXP 	unnamed TextStim: color = 'white'
11.3123 	EXP 	unnamed TextStim: text = 'Après la présentation du 2ème stimulus, appuyez sur la touche: \n\n\t - de gauche si le stimulus est orienté horizontalement\n\n\t - de droite si le stimulus est orienté verticalement\n\n'
11.3182 	EXP 	Created unnamed TextStim = TextStim(__class__=<class 'psychopy.visual.text.TextStim'>, alignHoriz=method-wrapper(...), alignText='center', alignVert=method-wrapper(...), anchorHoriz='center', anchorVert='center', antialias=True, autoLog=True, bold=False, color=array([1., 1., 1.]), colorSpace='rgb', contrast=1.0, depth=0, flipHoriz=False, flipVert=False, font='Consolas', fontFiles=[], height=0.4, italic=False, languageStyle='LTR', name='unnamed TextStim', opacity=1.0, ori=0, pos=array([0., 0.]), rgb=array([1., 1., 1.]), text='Hello World', units='deg', win=Window(...), wrapWidth=35)
11.3457 	EXP 	unnamed TextStim: color = 'white'
11.3457 	EXP 	unnamed TextStim: text = 'Après la présentation du 2ème stimulus, appuyez sur la touche: \n\n\t - de gauche si le stimulus est orienté horizontalement\n\n\t - de droite si le stimulus est orienté verticalement\n\n'
11.3512 	EXP 	Created unnamed TextStim = TextStim(__class__=<class 'psychopy.visual.text.TextStim'>, alignHoriz=method-wrapper(...), alignText='center', alignVert=method-wrapper(...), anchorHoriz='center', anchorVert='center', antialias=True, autoLog=True, bold=False, color=array([1., 1., 1.]), colorSpace='rgb', contrast=1.0, depth=0, flipHoriz=False, flipVert=False, font='Consolas', fontFiles=[], height=0.4, italic=False, languageStyle='LTR', name='unnamed TextStim', opacity=1.0, ori=0, pos=array([0., 0.]), rgb=array([1., 1., 1.]), text='Hello World', units='deg', win=Window(...), wrapWidth=35)
11.3789 	EXP 	unnamed TextStim: color = 'white'
11.3789 	EXP 	unnamed TextStim: text = 'Après la présentation du 2ème stimulus, appuyez sur la touche: \n\n\t - de gauche si le stimulus est orienté horizontalement\n\n\t - de droite si le stimulus est orienté verticalement\n\n'
11.3842 	EXP 	Created unnamed TextStim = TextStim(__class__=<class 'psychopy.visual.text.TextStim'>, alignHoriz=method-wrapper(...), alignText='center', alignVert=method-wrapper(...), anchorHoriz='center', anchorVert='center', antialias=True, autoLog=True, bold=False, color=array([1., 1., 1.]), colorSpace='rgb', contrast=1.0, depth=0, flipHoriz=False, flipVert=False, font='Consolas', fontFiles=[], height=0.4, italic=False, languageStyle='LTR', name='unnamed TextStim', opacity=1.0, ori=0, pos=array([0., 0.]), rgb=array([1., 1., 1.]), text='Hello World', units='deg', win=Window(...), wrapWidth=35)
11.4123 	EXP 	unnamed TextStim: color = 'white'
11.4123 	EXP 	unnamed TextStim: text = 'Après la présentation du 2ème stimulus, appuyez sur la touche: \n\n\t - de gauche si le stimulus est orienté horizontalement\n\n\t - de droite si le stimulus est orienté verticalement\n\n'
11.4184 	EXP 	Created unnamed TextStim = TextStim(__class__=<class 'psychopy.visual.text.TextStim'>, alignHoriz=method-wrapper(...), alignText='center', alignVert=method-wrapper(...), anchorHoriz='center', anchorVert='center', antialias=True, autoLog=True, bold=False, color=array([1., 1., 1.]), colorSpace='rgb', contrast=1.0, depth=0, flipHoriz=False, flipVert=False, font='Consolas', fontFiles=[], height=0.4, italic=False, languageStyle='LTR', name='unnamed TextStim', opacity=1.0, ori=0, pos=array([0., 0.]), rgb=array([1., 1., 1.]), text='Hello World', units='deg', win=Window(...), wrapWidth=35)
11.4455 	EXP 	unnamed TextStim: color = 'white'
11.4455 	EXP 	unnamed TextStim: text = 'Après la présentation du 2ème stimulus, appuyez sur la touche: \n\n\t - de gauche si le stimulus est orienté horizontalement\n\n\t - de droite si le stimulus est orienté verticalement\n\n'
11.4512 	EXP 	Created unnamed TextStim = TextStim(__class__=<class 'psychopy.visual.text.TextStim'>, alignHoriz=method-wrapper(...), alignText='center', alignVert=method-wrapper(...), anchorHoriz='center', anchorVert='center', antialias=True, autoLog=True, bold=False, color=array([1., 1., 1.]), colorSpace='rgb', contrast=1.0, depth=0, flipHoriz=False, flipVert=False, font='Consolas', fontFiles=[], height=0.4, italic=False, languageStyle='LTR', name='unnamed TextStim', opacity=1.0, ori=0, pos=array([0., 0.]), rgb=array([1., 1., 1.]), text='Hello World', units='deg', win=Window(...), wrapWidth=35)
11.4789 	EXP 	unnamed TextStim: color = 'white'
11.4789 	EXP 	unnamed TextStim: text = 'Après la présentation du 2ème stimulus, appuyez sur la touche: \n\n\t - de gauche si le stimulus est orienté horizontalement\n\n\t - de droite si le stimulus est orienté verticalement\n\n'
11.5852 	EXP 	Created unnamed TextStim = TextStim(__class__=<class 'psychopy.visual.text.TextStim'>, alignHoriz=method-wrapper(...), alignText='center', alignVert=method-wrapper(...), anchorHoriz='center', anchorVert='center', antialias=True, autoLog=True, bold=False, color=array([1., 1., 1.]), colorSpace='rgb', contrast=1.0, depth=0, flipHoriz=False, flipVert=False, font='Consolas', fontFiles=[], height=0.4, italic=False, languageStyle='LTR', name='unnamed TextStim', opacity=1.0, ori=0, pos=array([0., 0.]), rgb=array([1., 1., 1.]), text='Hello World', units='deg', win=Window(...), wrapWidth=35)
11.5956 	EXP 	unnamed TextStim: color = 'white'
11.5956 	EXP 	unnamed TextStim: text = 'Attention! \n\n\nAttendez que le stimulus disparaisse avant de répondre !'
11.6012 	EXP 	Created unnamed TextStim = TextStim(__class__=<class 'psychopy.visual.text.TextStim'>, alignHoriz=method-wrapper(...), alignText='center', alignVert=method-wrapper(...), anchorHoriz='center', anchorVert='center', antialias=True, autoLog=True, bold=False, color=array([1., 1., 1.]), colorSpace='rgb', contrast=1.0, depth=0, flipHoriz=False, flipVert=False, font='Consolas', fontFiles=[], height=0.4, italic=False, languageStyle='LTR', name='unnamed TextStim', opacity=1.0, ori=0, pos=array([0., 0.]), rgb=array([1., 1., 1.]), text='Hello World', units='deg', win=Window(...), wrapWidth=35)
11.6122 	EXP 	unnamed TextStim: color = 'white'
11.6122 	EXP 	unnamed TextStim: text = 'Attention! \n\n\nAttendez que le stimulus disparaisse avant de répondre !'
11.6182 	EXP 	Created unnamed TextStim = TextStim(__class__=<class 'psychopy.visual.text.TextStim'>, alignHoriz=method-wrapper(...), alignText='center', alignVert=method-wrapper(...), anchorHoriz='center', anchorVert='center', antialias=True, autoLog=True, bold=False, color=array([1., 1., 1.]), colorSpace='rgb', contrast=1.0, depth=0, flipHoriz=False, flipVert=False, font='Consolas', fontFiles=[], height=0.4, italic=False, languageStyle='LTR', name='unnamed TextStim', opacity=1.0, ori=0, pos=array([0., 0.]), rgb=array([1., 1., 1.]), text='Hello World', units='deg', win=Window(...), wrapWidth=35)
11.6289 	EXP 	unnamed TextStim: color = 'white'
11.6289 	EXP 	unnamed TextStim: text = 'Attention! \n\n\nAttendez que le stimulus disparaisse avant de répondre !'
11.6342 	EXP 	Created unnamed TextStim = TextStim(__class__=<class 'psychopy.visual.text.TextStim'>, alignHoriz=method-wrapper(...), alignText='center', alignVert=method-wrapper(...), anchorHoriz='center', anchorVert='center', antialias=True, autoLog=True, bold=False, color=array([1., 1., 1.]), colorSpace='rgb', contrast=1.0, depth=0, flipHoriz=False, flipVert=False, font='Consolas', fontFiles=[], height=0.4, italic=False, languageStyle='LTR', name='unnamed TextStim', opacity=1.0, ori=0, pos=array([0., 0.]), rgb=array([1., 1., 1.]), text='Hello World', units='deg', win=Window(...), wrapWidth=35)
11.6457 	EXP 	unnamed TextStim: color = 'white'
11.6457 	EXP 	unnamed TextStim: text = 'Attention! \n\n\nAttendez que le stimulus disparaisse avant de répondre !'
11.6512 	EXP 	Created unnamed TextStim = TextStim(__class__=<class 'psychopy.visual.text.TextStim'>, alignHoriz=method-wrapper(...), alignText='center', alignVert=method-wrapper(...), anchorHoriz='center', anchorVert='center', antialias=True, autoLog=True, bold=False, color=array([1., 1., 1.]), colorSpace='rgb', contrast=1.0, depth=0, flipHoriz=False, flipVert=False, font='Consolas', fontFiles=[], height=0.4, italic=False, languageStyle='LTR', name='unnamed TextStim', opacity=1.0, ori=0, pos=array([0., 0.]), rgb=array([1., 1., 1.]), text='Hello World', units='deg', win=Window(...), wrapWidth=35)
11.6624 	EXP 	unnamed TextStim: color = 'white'
11.6624 	EXP 	unnamed TextStim: text = 'Attention! \n\n\nAttendez que le stimulus disparaisse avant de répondre !'
11.6682 	EXP 	Created unnamed TextStim = TextStim(__class__=<class 'psychopy.visual.text.TextStim'>, alignHoriz=method-wrapper(...), alignText='center', alignVert=method-wrapper(...), anchorHoriz='center', anchorVert='center', antialias=True, autoLog=True, bold=False, color=array([1., 1., 1.]), colorSpace='rgb', contrast=1.0, depth=0, flipHoriz=False, flipVert=False, font='Consolas', fontFiles=[], height=0.4, italic=False, languageStyle='LTR', name='unnamed TextStim', opacity=1.0, ori=0, pos=array([0., 0.]), rgb=array([1., 1., 1.]), text='Hello World', units='deg', win=Window(...), wrapWidth=35)
11.6791 	EXP 	unnamed TextStim: color = 'white'
11.6791 	EXP 	unnamed TextStim: text = 'Attention! \n\n\nAttendez que le stimulus disparaisse avant de répondre !'
11.6852 	EXP 	Created unnamed TextStim = TextStim(__class__=<class 'psychopy.visual.text.TextStim'>, alignHoriz=method-wrapper(...), alignText='center', alignVert=method-wrapper(...), anchorHoriz='center', anchorVert='center', antialias=True, autoLog=True, bold=False, color=array([1., 1., 1.]), colorSpace='rgb', contrast=1.0, depth=0, flipHoriz=False, flipVert=False, font='Consolas', fontFiles=[], height=0.4, italic=False, languageStyle='LTR', name='unnamed TextStim', opacity=1.0, ori=0, pos=array([0., 0.]), rgb=array([1., 1., 1.]), text='Hello World', units='deg', win=Window(...), wrapWidth=35)
11.6957 	EXP 	unnamed TextStim: color = 'white'
11.6957 	EXP 	unnamed TextStim: text = 'Attention! \n\n\nAttendez que le stimulus disparaisse avant de répondre !'
11.7012 	EXP 	Created unnamed TextStim = TextStim(__class__=<class 'psychopy.visual.text.TextStim'>, alignHoriz=method-wrapper(...), alignText='center', alignVert=method-wrapper(...), anchorHoriz='center', anchorVert='center', antialias=True, autoLog=True, bold=False, color=array([1., 1., 1.]), colorSpace='rgb', contrast=1.0, depth=0, flipHoriz=False, flipVert=False, font='Consolas', fontFiles=[], height=0.4, italic=False, languageStyle='LTR', name='unnamed TextStim', opacity=1.0, ori=0, pos=array([0., 0.]), rgb=array([1., 1., 1.]), text='Hello World', units='deg', win=Window(...), wrapWidth=35)
11.7124 	EXP 	unnamed TextStim: color = 'white'
11.7124 	EXP 	unnamed TextStim: text = 'Attention! \n\n\nAttendez que le stimulus disparaisse avant de répondre !'
11.7182 	EXP 	Created unnamed TextStim = TextStim(__class__=<class 'psychopy.visual.text.TextStim'>, alignHoriz=method-wrapper(...), alignText='center', alignVert=method-wrapper(...), anchorHoriz='center', anchorVert='center', antialias=True, autoLog=True, bold=False, color=array([1., 1., 1.]), colorSpace='rgb', contrast=1.0, depth=0, flipHoriz=False, flipVert=False, font='Consolas', fontFiles=[], height=0.4, italic=False, languageStyle='LTR', name='unnamed TextStim', opacity=1.0, ori=0, pos=array([0., 0.]), rgb=array([1., 1., 1.]), text='Hello World', units='deg', win=Window(...), wrapWidth=35)
11.7290 	EXP 	unnamed TextStim: color = 'white'
11.7290 	EXP 	unnamed TextStim: text = 'Attention! \n\n\nAttendez que le stimulus disparaisse avant de répondre !'
11.7342 	EXP 	Created unnamed TextStim = TextStim(__class__=<class 'psychopy.visual.text.TextStim'>, alignHoriz=method-wrapper(...), alignText='center', alignVert=method-wrapper(...), anchorHoriz='center', anchorVert='center', antialias=True, autoLog=True, bold=False, color=array([1., 1., 1.]), colorSpace='rgb', contrast=1.0, depth=0, flipHoriz=False, flipVert=False, font='Consolas', fontFiles=[], height=0.4, italic=False, languageStyle='LTR', name='unnamed TextStim', opacity=1.0, ori=0, pos=array([0., 0.]), rgb=array([1., 1., 1.]), text='Hello World', units='deg', win=Window(...), wrapWidth=35)
11.7457 	EXP 	unnamed TextStim: color = 'white'
11.7457 	EXP 	unnamed TextStim: text = 'Attention! \n\n\nAttendez que le stimulus disparaisse avant de répondre !'
11.7512 	EXP 	Created unnamed TextStim = TextStim(__class__=<class 'psychopy.visual.text.TextStim'>, alignHoriz=method-wrapper(...), alignText='center', alignVert=method-wrapper(...), anchorHoriz='center', anchorVert='center', antialias=True, autoLog=True, bold=False, color=array([1., 1., 1.]), colorSpace='rgb', contrast=1.0, depth=0, flipHoriz=False, flipVert=False, font='Consolas', fontFiles=[], height=0.4, italic=False, languageStyle='LTR', name='unnamed TextStim', opacity=1.0, ori=0, pos=array([0., 0.]), rgb=array([1., 1., 1.]), text='Hello World', units='deg', win=Window(...), wrapWidth=35)
11.7624 	EXP 	unnamed TextStim: color = 'white'
11.7624 	EXP 	unnamed TextStim: text = 'Attention! \n\n\nAttendez que le stimulus disparaisse avant de répondre !'
11.7682 	EXP 	Created unnamed TextStim = TextStim(__class__=<class 'psychopy.visual.text.TextStim'>, alignHoriz=method-wrapper(...), alignText='center', alignVert=method-wrapper(...), anchorHoriz='center', anchorVert='center', antialias=True, autoLog=True, bold=False, color=array([1., 1., 1.]), colorSpace='rgb', contrast=1.0, depth=0, flipHoriz=False, flipVert=False, font='Consolas', fontFiles=[], height=0.4, italic=False, languageStyle='LTR', name='unnamed TextStim', opacity=1.0, ori=0, pos=array([0., 0.]), rgb=array([1., 1., 1.]), text='Hello World', units='deg', win=Window(...), wrapWidth=35)
11.7791 	EXP 	unnamed TextStim: color = 'white'
11.7791 	EXP 	unnamed TextStim: text = 'Attention! \n\n\nAttendez que le stimulus disparaisse avant de répondre !'
11.7849 	EXP 	Created unnamed TextStim = TextStim(__class__=<class 'psychopy.visual.text.TextStim'>, alignHoriz=method-wrapper(...), alignText='center', alignVert=method-wrapper(...), anchorHoriz='center', anchorVert='center', antialias=True, autoLog=True, bold=False, color=array([1., 1., 1.]), colorSpace='rgb', contrast=1.0, depth=0, flipHoriz=False, flipVert=False, font='Consolas', fontFiles=[], height=0.4, italic=False, languageStyle='LTR', name='unnamed TextStim', opacity=1.0, ori=0, pos=array([0., 0.]), rgb=array([1., 1., 1.]), text='Hello World', units='deg', win=Window(...), wrapWidth=35)
11.7957 	EXP 	unnamed TextStim: color = 'white'
11.7957 	EXP 	unnamed TextStim: text = 'Attention! \n\n\nAttendez que le stimulus disparaisse avant de répondre !'
11.8012 	EXP 	Created unnamed TextStim = TextStim(__class__=<class 'psychopy.visual.text.TextStim'>, alignHoriz=method-wrapper(...), alignText='center', alignVert=method-wrapper(...), anchorHoriz='center', anchorVert='center', antialias=True, autoLog=True, bold=False, color=array([1., 1., 1.]), colorSpace='rgb', contrast=1.0, depth=0, flipHoriz=False, flipVert=False, font='Consolas', fontFiles=[], height=0.4, italic=False, languageStyle='LTR', name='unnamed TextStim', opacity=1.0, ori=0, pos=array([0., 0.]), rgb=array([1., 1., 1.]), text='Hello World', units='deg', win=Window(...), wrapWidth=35)
11.8124 	EXP 	unnamed TextStim: color = 'white'
11.8124 	EXP 	unnamed TextStim: text = 'Attention! \n\n\nAttendez que le stimulus disparaisse avant de répondre !'
11.8182 	EXP 	Created unnamed TextStim = TextStim(__class__=<class 'psychopy.visual.text.TextStim'>, alignHoriz=method-wrapper(...), alignText='center', alignVert=method-wrapper(...), anchorHoriz='center', anchorVert='center', antialias=True, autoLog=True, bold=False, color=array([1., 1., 1.]), colorSpace='rgb', contrast=1.0, depth=0, flipHoriz=False, flipVert=False, font='Consolas', fontFiles=[], height=0.4, italic=False, languageStyle='LTR', name='unnamed TextStim', opacity=1.0, ori=0, pos=array([0., 0.]), rgb=array([1., 1., 1.]), text='Hello World', units='deg', win=Window(...), wrapWidth=35)
11.8292 	EXP 	unnamed TextStim: color = 'white'
11.8292 	EXP 	unnamed TextStim: text = 'Attention! \n\n\nAttendez que le stimulus disparaisse avant de répondre !'
11.8351 	EXP 	Created unnamed TextStim = TextStim(__class__=<class 'psychopy.visual.text.TextStim'>, alignHoriz=method-wrapper(...), alignText='center', alignVert=method-wrapper(...), anchorHoriz='center', anchorVert='center', antialias=True, autoLog=True, bold=False, color=array([1., 1., 1.]), colorSpace='rgb', contrast=1.0, depth=0, flipHoriz=False, flipVert=False, font='Consolas', fontFiles=[], height=0.4, italic=False, languageStyle='LTR', name='unnamed TextStim', opacity=1.0, ori=0, pos=array([0., 0.]), rgb=array([1., 1., 1.]), text='Hello World', units='deg', win=Window(...), wrapWidth=35)
11.8458 	EXP 	unnamed TextStim: color = 'white'
11.8458 	EXP 	unnamed TextStim: text = 'Attention! \n\n\nAttendez que le stimulus disparaisse avant de répondre !'
11.8512 	EXP 	Created unnamed TextStim = TextStim(__class__=<class 'psychopy.visual.text.TextStim'>, alignHoriz=method-wrapper(...), alignText='center', alignVert=method-wrapper(...), anchorHoriz='center', anchorVert='center', antialias=True, autoLog=True, bold=False, color=array([1., 1., 1.]), colorSpace='rgb', contrast=1.0, depth=0, flipHoriz=False, flipVert=False, font='Consolas', fontFiles=[], height=0.4, italic=False, languageStyle='LTR', name='unnamed TextStim', opacity=1.0, ori=0, pos=array([0., 0.]), rgb=array([1., 1., 1.]), text='Hello World', units='deg', win=Window(...), wrapWidth=35)
11.8626 	EXP 	unnamed TextStim: color = 'white'
11.8626 	EXP 	unnamed TextStim: text = 'Attention! \n\n\nAttendez que le stimulus disparaisse avant de répondre !'
11.8682 	EXP 	Created unnamed TextStim = TextStim(__class__=<class 'psychopy.visual.text.TextStim'>, alignHoriz=method-wrapper(...), alignText='center', alignVert=method-wrapper(...), anchorHoriz='center', anchorVert='center', antialias=True, autoLog=True, bold=False, color=array([1., 1., 1.]), colorSpace='rgb', contrast=1.0, depth=0, flipHoriz=False, flipVert=False, font='Consolas', fontFiles=[], height=0.4, italic=False, languageStyle='LTR', name='unnamed TextStim', opacity=1.0, ori=0, pos=array([0., 0.]), rgb=array([1., 1., 1.]), text='Hello World', units='deg', win=Window(...), wrapWidth=35)
11.8791 	EXP 	unnamed TextStim: color = 'white'
11.8791 	EXP 	unnamed TextStim: text = 'Attention! \n\n\nAttendez que le stimulus disparaisse avant de répondre !'
11.8852 	EXP 	Created unnamed TextStim = TextStim(__class__=<class 'psychopy.visual.text.TextStim'>, alignHoriz=method-wrapper(...), alignText='center', alignVert=method-wrapper(...), anchorHoriz='center', anchorVert='center', antialias=True, autoLog=True, bold=False, color=array([1., 1., 1.]), colorSpace='rgb', contrast=1.0, depth=0, flipHoriz=False, flipVert=False, font='Consolas', fontFiles=[], height=0.4, italic=False, languageStyle='LTR', name='unnamed TextStim', opacity=1.0, ori=0, pos=array([0., 0.]), rgb=array([1., 1., 1.]), text='Hello World', units='deg', win=Window(...), wrapWidth=35)
11.8957 	EXP 	unnamed TextStim: color = 'white'
11.8957 	EXP 	unnamed TextStim: text = 'Attention! \n\n\nAttendez que le stimulus disparaisse avant de répondre !'
11.9012 	EXP 	Created unnamed TextStim = TextStim(__class__=<class 'psychopy.visual.text.TextStim'>, alignHoriz=method-wrapper(...), alignText='center', alignVert=method-wrapper(...), anchorHoriz='center', anchorVert='center', antialias=True, autoLog=True, bold=False, color=array([1., 1., 1.]), colorSpace='rgb', contrast=1.0, depth=0, flipHoriz=False, flipVert=False, font='Consolas', fontFiles=[], height=0.4, italic=False, languageStyle='LTR', name='unnamed TextStim', opacity=1.0, ori=0, pos=array([0., 0.]), rgb=array([1., 1., 1.]), text='Hello World', units='deg', win=Window(...), wrapWidth=35)
11.9126 	EXP 	unnamed TextStim: color = 'white'
11.9126 	EXP 	unnamed TextStim: text = 'Attention! \n\n\nAttendez que le stimulus disparaisse avant de répondre !'
11.9182 	EXP 	Created unnamed TextStim = TextStim(__class__=<class 'psychopy.visual.text.TextStim'>, alignHoriz=method-wrapper(...), alignText='center', alignVert=method-wrapper(...), anchorHoriz='center', anchorVert='center', antialias=True, autoLog=True, bold=False, color=array([1., 1., 1.]), colorSpace='rgb', contrast=1.0, depth=0, flipHoriz=False, flipVert=False, font='Consolas', fontFiles=[], height=0.4, italic=False, languageStyle='LTR', name='unnamed TextStim', opacity=1.0, ori=0, pos=array([0., 0.]), rgb=array([1., 1., 1.]), text='Hello World', units='deg', win=Window(...), wrapWidth=35)
11.9291 	EXP 	unnamed TextStim: color = 'white'
11.9291 	EXP 	unnamed TextStim: text = 'Attention! \n\n\nAttendez que le stimulus disparaisse avant de répondre !'
11.9351 	EXP 	Created unnamed TextStim = TextStim(__class__=<class 'psychopy.visual.text.TextStim'>, alignHoriz=method-wrapper(...), alignText='center', alignVert=method-wrapper(...), anchorHoriz='center', anchorVert='center', antialias=True, autoLog=True, bold=False, color=array([1., 1., 1.]), colorSpace='rgb', contrast=1.0, depth=0, flipHoriz=False, flipVert=False, font='Consolas', fontFiles=[], height=0.4, italic=False, languageStyle='LTR', name='unnamed TextStim', opacity=1.0, ori=0, pos=array([0., 0.]), rgb=array([1., 1., 1.]), text='Hello World', units='deg', win=Window(...), wrapWidth=35)
11.9458 	EXP 	unnamed TextStim: color = 'white'
11.9458 	EXP 	unnamed TextStim: text = 'Attention! \n\n\nAttendez que le stimulus disparaisse avant de répondre !'
11.9512 	EXP 	Created unnamed TextStim = TextStim(__class__=<class 'psychopy.visual.text.TextStim'>, alignHoriz=method-wrapper(...), alignText='center', alignVert=method-wrapper(...), anchorHoriz='center', anchorVert='center', antialias=True, autoLog=True, bold=False, color=array([1., 1., 1.]), colorSpace='rgb', contrast=1.0, depth=0, flipHoriz=False, flipVert=False, font='Consolas', fontFiles=[], height=0.4, italic=False, languageStyle='LTR', name='unnamed TextStim', opacity=1.0, ori=0, pos=array([0., 0.]), rgb=array([1., 1., 1.]), text='Hello World', units='deg', win=Window(...), wrapWidth=35)
11.9625 	EXP 	unnamed TextStim: color = 'white'
11.9625 	EXP 	unnamed TextStim: text = 'Attention! \n\n\nAttendez que le stimulus disparaisse avant de répondre !'
11.9682 	EXP 	Created unnamed TextStim = TextStim(__class__=<class 'psychopy.visual.text.TextStim'>, alignHoriz=method-wrapper(...), alignText='center', alignVert=method-wrapper(...), anchorHoriz='center', anchorVert='center', antialias=True, autoLog=True, bold=False, color=array([1., 1., 1.]), colorSpace='rgb', contrast=1.0, depth=0, flipHoriz=False, flipVert=False, font='Consolas', fontFiles=[], height=0.4, italic=False, languageStyle='LTR', name='unnamed TextStim', opacity=1.0, ori=0, pos=array([0., 0.]), rgb=array([1., 1., 1.]), text='Hello World', units='deg', win=Window(...), wrapWidth=35)
11.9757 	DATA 	Keypress: 4
11.9791 	EXP 	unnamed TextStim: color = 'white'
11.9791 	EXP 	unnamed TextStim: text = 'Attention! \n\n\nAttendez que le stimulus disparaisse avant de répondre !'
11.9842 	EXP 	Created unnamed TextStim = TextStim(__class__=<class 'psychopy.visual.text.TextStim'>, alignHoriz=method-wrapper(...), alignText='center', alignVert=method-wrapper(...), anchorHoriz='center', anchorVert='center', antialias=True, autoLog=True, bold=False, color=array([1., 1., 1.]), colorSpace='rgb', contrast=1.0, depth=0, flipHoriz=False, flipVert=False, font='Consolas', fontFiles=[], height=0.4, italic=False, languageStyle='LTR', name='unnamed TextStim', opacity=1.0, ori=0, pos=array([0., 0.]), rgb=array([1., 1., 1.]), text='Hello World', units='deg', win=Window(...), wrapWidth=35)
11.9958 	EXP 	unnamed TextStim: color = 'white'
11.9958 	EXP 	unnamed TextStim: text = 'Attention! \n\n\nAttendez que le stimulus disparaisse avant de répondre !'
12.0012 	EXP 	Created unnamed TextStim = TextStim(__class__=<class 'psychopy.visual.text.TextStim'>, alignHoriz=method-wrapper(...), alignText='center', alignVert=method-wrapper(...), anchorHoriz='center', anchorVert='center', antialias=True, autoLog=True, bold=False, color=array([1., 1., 1.]), colorSpace='rgb', contrast=1.0, depth=0, flipHoriz=False, flipVert=False, font='Consolas', fontFiles=[], height=0.4, italic=False, languageStyle='LTR', name='unnamed TextStim', opacity=1.0, ori=0, pos=array([0., 0.]), rgb=array([1., 1., 1.]), text='Hello World', units='deg', win=Window(...), wrapWidth=35)
12.0124 	EXP 	unnamed TextStim: color = 'white'
12.0124 	EXP 	unnamed TextStim: text = 'Attention! \n\n\nAttendez que le stimulus disparaisse avant de répondre !'
12.0182 	EXP 	Created unnamed TextStim = TextStim(__class__=<class 'psychopy.visual.text.TextStim'>, alignHoriz=method-wrapper(...), alignText='center', alignVert=method-wrapper(...), anchorHoriz='center', anchorVert='center', antialias=True, autoLog=True, bold=False, color=array([1., 1., 1.]), colorSpace='rgb', contrast=1.0, depth=0, flipHoriz=False, flipVert=False, font='Consolas', fontFiles=[], height=0.4, italic=False, languageStyle='LTR', name='unnamed TextStim', opacity=1.0, ori=0, pos=array([0., 0.]), rgb=array([1., 1., 1.]), text='Hello World', units='deg', win=Window(...), wrapWidth=35)
12.0291 	EXP 	unnamed TextStim: color = 'white'
12.0291 	EXP 	unnamed TextStim: text = 'Attention! \n\n\nAttendez que le stimulus disparaisse avant de répondre !'
12.0352 	EXP 	Created unnamed TextStim = TextStim(__class__=<class 'psychopy.visual.text.TextStim'>, alignHoriz=method-wrapper(...), alignText='center', alignVert=method-wrapper(...), anchorHoriz='center', anchorVert='center', antialias=True, autoLog=True, bold=False, color=array([1., 1., 1.]), colorSpace='rgb', contrast=1.0, depth=0, flipHoriz=False, flipVert=False, font='Consolas', fontFiles=[], height=0.4, italic=False, languageStyle='LTR', name='unnamed TextStim', opacity=1.0, ori=0, pos=array([0., 0.]), rgb=array([1., 1., 1.]), text='Hello World', units='deg', win=Window(...), wrapWidth=35)
12.0458 	EXP 	unnamed TextStim: color = 'white'
12.0458 	EXP 	unnamed TextStim: text = 'Attention! \n\n\nAttendez que le stimulus disparaisse avant de répondre !'
12.0512 	EXP 	Created unnamed TextStim = TextStim(__class__=<class 'psychopy.visual.text.TextStim'>, alignHoriz=method-wrapper(...), alignText='center', alignVert=method-wrapper(...), anchorHoriz='center', anchorVert='center', antialias=True, autoLog=True, bold=False, color=array([1., 1., 1.]), colorSpace='rgb', contrast=1.0, depth=0, flipHoriz=False, flipVert=False, font='Consolas', fontFiles=[], height=0.4, italic=False, languageStyle='LTR', name='unnamed TextStim', opacity=1.0, ori=0, pos=array([0., 0.]), rgb=array([1., 1., 1.]), text='Hello World', units='deg', win=Window(...), wrapWidth=35)
12.0625 	EXP 	unnamed TextStim: color = 'white'
12.0625 	EXP 	unnamed TextStim: text = 'Attention! \n\n\nAttendez que le stimulus disparaisse avant de répondre !'
12.0682 	EXP 	Created unnamed TextStim = TextStim(__class__=<class 'psychopy.visual.text.TextStim'>, alignHoriz=method-wrapper(...), alignText='center', alignVert=method-wrapper(...), anchorHoriz='center', anchorVert='center', antialias=True, autoLog=True, bold=False, color=array([1., 1., 1.]), colorSpace='rgb', contrast=1.0, depth=0, flipHoriz=False, flipVert=False, font='Consolas', fontFiles=[], height=0.4, italic=False, languageStyle='LTR', name='unnamed TextStim', opacity=1.0, ori=0, pos=array([0., 0.]), rgb=array([1., 1., 1.]), text='Hello World', units='deg', win=Window(...), wrapWidth=35)
12.0790 	EXP 	unnamed TextStim: color = 'white'
12.0790 	EXP 	unnamed TextStim: text = 'Attention! \n\n\nAttendez que le stimulus disparaisse avant de répondre !'
12.0843 	EXP 	Created unnamed TextStim = TextStim(__class__=<class 'psychopy.visual.text.TextStim'>, alignHoriz=method-wrapper(...), alignText='center', alignVert=method-wrapper(...), anchorHoriz='center', anchorVert='center', antialias=True, autoLog=True, bold=False, color=array([1., 1., 1.]), colorSpace='rgb', contrast=1.0, depth=0, flipHoriz=False, flipVert=False, font='Consolas', fontFiles=[], height=0.4, italic=False, languageStyle='LTR', name='unnamed TextStim', opacity=1.0, ori=0, pos=array([0., 0.]), rgb=array([1., 1., 1.]), text='Hello World', units='deg', win=Window(...), wrapWidth=35)
12.0958 	EXP 	unnamed TextStim: color = 'white'
12.0958 	EXP 	unnamed TextStim: text = 'Attention! \n\n\nAttendez que le stimulus disparaisse avant de répondre !'
12.1012 	EXP 	Created unnamed TextStim = TextStim(__class__=<class 'psychopy.visual.text.TextStim'>, alignHoriz=method-wrapper(...), alignText='center', alignVert=method-wrapper(...), anchorHoriz='center', anchorVert='center', antialias=True, autoLog=True, bold=False, color=array([1., 1., 1.]), colorSpace='rgb', contrast=1.0, depth=0, flipHoriz=False, flipVert=False, font='Consolas', fontFiles=[], height=0.4, italic=False, languageStyle='LTR', name='unnamed TextStim', opacity=1.0, ori=0, pos=array([0., 0.]), rgb=array([1., 1., 1.]), text='Hello World', units='deg', win=Window(...), wrapWidth=35)
12.1124 	EXP 	unnamed TextStim: color = 'white'
12.1124 	EXP 	unnamed TextStim: text = 'Attention! \n\n\nAttendez que le stimulus disparaisse avant de répondre !'
12.1182 	EXP 	Created unnamed TextStim = TextStim(__class__=<class 'psychopy.visual.text.TextStim'>, alignHoriz=method-wrapper(...), alignText='center', alignVert=method-wrapper(...), anchorHoriz='center', anchorVert='center', antialias=True, autoLog=True, bold=False, color=array([1., 1., 1.]), colorSpace='rgb', contrast=1.0, depth=0, flipHoriz=False, flipVert=False, font='Consolas', fontFiles=[], height=0.4, italic=False, languageStyle='LTR', name='unnamed TextStim', opacity=1.0, ori=0, pos=array([0., 0.]), rgb=array([1., 1., 1.]), text='Hello World', units='deg', win=Window(...), wrapWidth=35)
12.1290 	EXP 	unnamed TextStim: color = 'white'
12.1290 	EXP 	unnamed TextStim: text = 'Attention! \n\n\nAttendez que le stimulus disparaisse avant de répondre !'
12.1341 	EXP 	Created unnamed TextStim = TextStim(__class__=<class 'psychopy.visual.text.TextStim'>, alignHoriz=method-wrapper(...), alignText='center', alignVert=method-wrapper(...), anchorHoriz='center', anchorVert='center', antialias=True, autoLog=True, bold=False, color=array([1., 1., 1.]), colorSpace='rgb', contrast=1.0, depth=0, flipHoriz=False, flipVert=False, font='Consolas', fontFiles=[], height=0.4, italic=False, languageStyle='LTR', name='unnamed TextStim', opacity=1.0, ori=0, pos=array([0., 0.]), rgb=array([1., 1., 1.]), text='Hello World', units='deg', win=Window(...), wrapWidth=35)
12.1457 	EXP 	unnamed TextStim: color = 'white'
12.1457 	EXP 	unnamed TextStim: text = 'Attention! \n\n\nAttendez que le stimulus disparaisse avant de répondre !'
12.1512 	EXP 	Created unnamed TextStim = TextStim(__class__=<class 'psychopy.visual.text.TextStim'>, alignHoriz=method-wrapper(...), alignText='center', alignVert=method-wrapper(...), anchorHoriz='center', anchorVert='center', antialias=True, autoLog=True, bold=False, color=array([1., 1., 1.]), colorSpace='rgb', contrast=1.0, depth=0, flipHoriz=False, flipVert=False, font='Consolas', fontFiles=[], height=0.4, italic=False, languageStyle='LTR', name='unnamed TextStim', opacity=1.0, ori=0, pos=array([0., 0.]), rgb=array([1., 1., 1.]), text='Hello World', units='deg', win=Window(...), wrapWidth=35)
12.1624 	EXP 	unnamed TextStim: color = 'white'
12.1624 	EXP 	unnamed TextStim: text = 'Attention! \n\n\nAttendez que le stimulus disparaisse avant de répondre !'
12.1682 	EXP 	Created unnamed TextStim = TextStim(__class__=<class 'psychopy.visual.text.TextStim'>, alignHoriz=method-wrapper(...), alignText='center', alignVert=method-wrapper(...), anchorHoriz='center', anchorVert='center', antialias=True, autoLog=True, bold=False, color=array([1., 1., 1.]), colorSpace='rgb', contrast=1.0, depth=0, flipHoriz=False, flipVert=False, font='Consolas', fontFiles=[], height=0.4, italic=False, languageStyle='LTR', name='unnamed TextStim', opacity=1.0, ori=0, pos=array([0., 0.]), rgb=array([1., 1., 1.]), text='Hello World', units='deg', win=Window(...), wrapWidth=35)
12.1792 	EXP 	unnamed TextStim: color = 'white'
12.1792 	EXP 	unnamed TextStim: text = 'Attention! \n\n\nAttendez que le stimulus disparaisse avant de répondre !'
12.1852 	EXP 	Created unnamed TextStim = TextStim(__class__=<class 'psychopy.visual.text.TextStim'>, alignHoriz=method-wrapper(...), alignText='center', alignVert=method-wrapper(...), anchorHoriz='center', anchorVert='center', antialias=True, autoLog=True, bold=False, color=array([1., 1., 1.]), colorSpace='rgb', contrast=1.0, depth=0, flipHoriz=False, flipVert=False, font='Consolas', fontFiles=[], height=0.4, italic=False, languageStyle='LTR', name='unnamed TextStim', opacity=1.0, ori=0, pos=array([0., 0.]), rgb=array([1., 1., 1.]), text='Hello World', units='deg', win=Window(...), wrapWidth=35)
12.1958 	EXP 	unnamed TextStim: color = 'white'
12.1958 	EXP 	unnamed TextStim: text = 'Attention! \n\n\nAttendez que le stimulus disparaisse avant de répondre !'
12.3123 	EXP 	gabor: ori = 90
12.3123 	EXP 	gabor: contrast = 0.065
12.3123 	EXP 	unnamed GratingStim: color = 'yellow'
14.9450 	DATA 	Keypress: 3
16.5954 	EXP 	gabor: ori = 90
16.5954 	EXP 	gabor: contrast = 0.05
16.5954 	EXP 	unnamed GratingStim: color = 'yellow'
21.9220 	DATA 	Keypress: 3
21.9225 	DATA 	Keypress: 3
21.9228 	DATA 	Keypress: 3
23.5619 	EXP 	gabor: ori = 90
23.5619 	EXP 	gabor: contrast = 0.045500000000000006
23.5619 	EXP 	unnamed GratingStim: color = 'yellow'
26.3462 	DATA 	Keypress: 3
28.0949 	EXP 	gabor: ori = 0
28.0949 	EXP 	gabor: contrast = 0.060500000000000005
28.0949 	EXP 	unnamed GratingStim: color = 'yellow'
30.7894 	DATA 	Keypress: 4
32.5281 	EXP 	gabor: ori = 0
32.5281 	EXP 	gabor: contrast = 0.04100000000000001
32.5281 	EXP 	unnamed GratingStim: color = 'blue'
35.2286 	DATA 	Keypress: 4
36.8779 	EXP 	gabor: ori = 0
36.8779 	EXP 	gabor: contrast = 0.05600000000000001
36.8779 	EXP 	unnamed GratingStim: color = 'blue'
39.7328 	DATA 	Keypress: 4
41.4777 	EXP 	gabor: ori = 0
41.4777 	EXP 	gabor: contrast = 0.03650000000000001
41.4777 	EXP 	unnamed GratingStim: color = 'yellow'
44.2141 	DATA 	Keypress: 4
45.8610 	EXP 	gabor: ori = 0
45.8610 	EXP 	gabor: contrast = 0.05150000000000001
45.8610 	EXP 	unnamed GratingStim: color = 'yellow'
48.6003 	DATA 	Keypress: 4
50.1441 	EXP 	gabor: ori = 0
50.1441 	EXP 	gabor: contrast = 0.047000000000000014
50.1441 	EXP 	unnamed GratingStim: color = 'yellow'
52.8425 	DATA 	Keypress: 4
54.4773 	EXP 	gabor: ori = 0
54.4773 	EXP 	gabor: contrast = 0.032000000000000015
54.4773 	EXP 	unnamed GratingStim: color = 'yellow'
57.1937 	DATA 	Keypress: 4
58.8438 	EXP 	gabor: ori = 0
58.8438 	EXP 	gabor: contrast = 0.04250000000000002
58.8438 	EXP 	unnamed GratingStim: color = 'yellow'
61.6339 	DATA 	Keypress: 4
63.1175 	DATA 	Keypress: escape
63.1768 	EXP 	gabor: ori = 0
63.1768 	EXP 	gabor: contrast = 0.027500000000000014
63.1768 	EXP 	unnamed GratingStim: color = 'yellow'
63.4770 	DATA 	Keypress: escape
63.6936 	DATA 	Keypress: escape
64.5111 	DATA 	Keypress: escape
64.5114 	DATA 	Keypress: escape
64.7496 	DATA 	Keypress: escape
65.3433 	DATA 	Keypress: escape
65.5175 	DATA 	Keypress: escape
65.8512 	DATA 	Keypress: 4
66.2602 	DATA 	Keypress: escape
67.1773 	DATA 	Keypress: escape
67.1776 	DATA 	Keypress: escape
67.2454 	DATA 	Keypress: escape
67.3935 	EXP 	gabor: ori = 90
67.3935 	EXP 	gabor: contrast = 0.023000000000000013
67.3935 	EXP 	unnamed GratingStim: color = 'yellow'
67.6933 	DATA 	Keypress: escape
67.7498 	DATA 	Keypress: escape
68.0455 	DATA 	Keypress: escape
68.7275 	DATA 	Keypress: escape
68.8539 	DATA 	Keypress: escape
69.5896 	DATA 	Keypress: escape
69.9499 	EXP 	window1: mouseVisible = True
69.9506 	DEBUG 	Saving data for Motor ExperimentHandler
69.9530 	INFO 	saved data to C:\Users\Manuel\pilotdata\8\staircase_training_8_2021_Apr_14_1146.psydat
69.9588 	INFO 	saved data to 'C:\\Users\\Manuel\\pilotdata\\8\\staircase_training_8_2021_Apr_14_1146.csv'
